Loading module for Anaconda
Anaconda 2019.10 is now loaded
SUN
Random Seed:  4115
# of training samples:  10320
Encoder(
  (fc1): Linear(in_features=2150, out_features=4096)
  (fc3): Linear(in_features=4096, out_features=204)
  (lrelu): LeakyReLU(0.2, inplace)
  (linear_means): Linear(in_features=204, out_features=102)
  (linear_log_var): Linear(in_features=204, out_features=102)
)
Generator(
  (fc1): Linear(in_features=204, out_features=4096)
  (fc3): Linear(in_features=4096, out_features=2048)
  (lrelu): LeakyReLU(0.2, inplace)
  (sigmoid): Sigmoid()
)
Discriminator_D1(
  (fc1): Linear(in_features=2150, out_features=4096)
  (fc2): Linear(in_features=4096, out_features=1)
  (lrelu): LeakyReLU(0.2, inplace)
)
Feedback(
  (fc1): Linear(in_features=4096, out_features=4096)
  (fc2): Linear(in_features=4096, out_features=4096)
  (lrelu): LeakyReLU(0.2, inplace)
)
AttDec(
  (fc1): Linear(in_features=2048, out_features=4096)
  (fc3): Linear(in_features=4096, out_features=102)
  (lrelu): LeakyReLU(0.2, inplace)
)
[0/400]  Loss_D: -2.8059 Loss_G: -0.7142, Wasserstein_dist:3.8300, vae_loss_seen:385.8005 GZSL: seen=0.3155, unseen=0.2729, h=0.2927 ZSL: unseen accuracy=0.4257
[1/400]  Loss_D: -2.9178 Loss_G: -0.9505, Wasserstein_dist:3.8095, vae_loss_seen:374.3630 GZSL: seen=0.3434, unseen=0.3410, h=0.3422 ZSL: unseen accuracy=0.5160
[2/400]  Loss_D: -2.9301 Loss_G: -0.5509, Wasserstein_dist:3.7759, vae_loss_seen:357.7658 GZSL: seen=0.3643, unseen=0.3556, h=0.3599 ZSL: unseen accuracy=0.5479
[3/400]  Loss_D: -2.8000 Loss_G: -0.6385, Wasserstein_dist:3.6719, vae_loss_seen:365.8725 GZSL: seen=0.3578, unseen=0.3757, h=0.3665 ZSL: unseen accuracy=0.5743
[4/400]  Loss_D: -2.8705 Loss_G: -0.9350, Wasserstein_dist:3.7514, vae_loss_seen:378.0556 GZSL: seen=0.3558, unseen=0.3917, h=0.3729 ZSL: unseen accuracy=0.5785
[5/400]  Loss_D: -2.6014 Loss_G: -0.9667, Wasserstein_dist:3.5403, vae_loss_seen:356.8553 GZSL: seen=0.3798, unseen=0.3743, h=0.3771 ZSL: unseen accuracy=0.6014
[6/400]  Loss_D: -2.7522 Loss_G: -0.9070, Wasserstein_dist:3.6033, vae_loss_seen:368.0974 GZSL: seen=0.3566, unseen=0.4076, h=0.3804 ZSL: unseen accuracy=0.5986
[7/400]  Loss_D: -2.7134 Loss_G: -1.1347, Wasserstein_dist:3.5986, vae_loss_seen:361.5559 GZSL: seen=0.3620, unseen=0.4181, h=0.3880 ZSL: unseen accuracy=0.6153
[8/400]  Loss_D: -2.6633 Loss_G: -0.9076, Wasserstein_dist:3.4689, vae_loss_seen:365.2424 GZSL: seen=0.3651, unseen=0.4146, h=0.3883 ZSL: unseen accuracy=0.6181
[9/400]  Loss_D: -2.7210 Loss_G: -1.1046, Wasserstein_dist:3.5677, vae_loss_seen:360.5183 GZSL: seen=0.3853, unseen=0.4035, h=0.3942 ZSL: unseen accuracy=0.6160
[10/400]  Loss_D: -2.5392 Loss_G: -1.2125, Wasserstein_dist:3.4353, vae_loss_seen:365.7443 GZSL: seen=0.3574, unseen=0.4285, h=0.3897 ZSL: unseen accuracy=0.6167
[11/400]  Loss_D: -2.6619 Loss_G: -1.2525, Wasserstein_dist:3.5445, vae_loss_seen:371.6933 GZSL: seen=0.3787, unseen=0.4208, h=0.3986 ZSL: unseen accuracy=0.6153
[12/400]  Loss_D: -2.7093 Loss_G: -1.2847, Wasserstein_dist:3.5803, vae_loss_seen:380.4613 GZSL: seen=0.3822, unseen=0.4139, h=0.3974 ZSL: unseen accuracy=0.6299
[13/400]  Loss_D: -2.6174 Loss_G: -1.4701, Wasserstein_dist:3.5197, vae_loss_seen:374.1522 GZSL: seen=0.3663, unseen=0.4250, h=0.3935 ZSL: unseen accuracy=0.6340
[14/400]  Loss_D: -2.5410 Loss_G: -1.3325, Wasserstein_dist:3.3778, vae_loss_seen:371.5475 GZSL: seen=0.3535, unseen=0.4562, h=0.3983 ZSL: unseen accuracy=0.6257
[15/400]  Loss_D: -2.4157 Loss_G: -1.2068, Wasserstein_dist:3.1359, vae_loss_seen:366.1144 GZSL: seen=0.3593, unseen=0.4424, h=0.3965 ZSL: unseen accuracy=0.6257
[16/400]  Loss_D: -2.0547 Loss_G: -1.1586, Wasserstein_dist:2.7763, vae_loss_seen:334.8161 GZSL: seen=0.3655, unseen=0.4444, h=0.4011 ZSL: unseen accuracy=0.6354
[17/400]  Loss_D: -2.3343 Loss_G: -1.4604, Wasserstein_dist:3.1716, vae_loss_seen:364.2428 GZSL: seen=0.3651, unseen=0.4563, h=0.4056 ZSL: unseen accuracy=0.6382
[18/400]  Loss_D: -2.3425 Loss_G: -1.0185, Wasserstein_dist:3.0830, vae_loss_seen:373.5959 GZSL: seen=0.3717, unseen=0.4528, h=0.4083 ZSL: unseen accuracy=0.6403
[19/400]  Loss_D: -2.4276 Loss_G: -1.6477, Wasserstein_dist:3.3549, vae_loss_seen:353.7383 GZSL: seen=0.3647, unseen=0.4569, h=0.4057 ZSL: unseen accuracy=0.6417
[20/400]  Loss_D: -2.4188 Loss_G: -1.4216, Wasserstein_dist:3.2911, vae_loss_seen:369.0736 GZSL: seen=0.3419, unseen=0.4826, h=0.4002 ZSL: unseen accuracy=0.6472
[21/400]  Loss_D: -2.4780 Loss_G: -1.7746, Wasserstein_dist:3.3640, vae_loss_seen:362.7674 GZSL: seen=0.3860, unseen=0.4333, h=0.4083 ZSL: unseen accuracy=0.6382
[22/400]  Loss_D: -2.2209 Loss_G: -1.4964, Wasserstein_dist:3.0301, vae_loss_seen:347.8357 GZSL: seen=0.3667, unseen=0.4549, h=0.4060 ZSL: unseen accuracy=0.6382
[23/400]  Loss_D: -2.1353 Loss_G: -1.3029, Wasserstein_dist:2.8192, vae_loss_seen:343.8602 GZSL: seen=0.3760, unseen=0.4479, h=0.4088 ZSL: unseen accuracy=0.6361
[24/400]  Loss_D: -2.1609 Loss_G: -1.5995, Wasserstein_dist:2.9292, vae_loss_seen:357.6954 GZSL: seen=0.3771, unseen=0.4396, h=0.4060 ZSL: unseen accuracy=0.6396
[25/400]  Loss_D: -2.1882 Loss_G: -1.9483, Wasserstein_dist:3.0035, vae_loss_seen:341.3737 GZSL: seen=0.3733, unseen=0.4514, h=0.4086 ZSL: unseen accuracy=0.6319
[26/400]  Loss_D: -2.2164 Loss_G: -1.6619, Wasserstein_dist:2.9712, vae_loss_seen:361.5177 GZSL: seen=0.3484, unseen=0.4764, h=0.4025 ZSL: unseen accuracy=0.6507
[27/400]  Loss_D: -2.0891 Loss_G: -1.6064, Wasserstein_dist:2.7842, vae_loss_seen:362.1507 GZSL: seen=0.3744, unseen=0.4556, h=0.4110 ZSL: unseen accuracy=0.6493
[28/400]  Loss_D: -2.1965 Loss_G: -1.8557, Wasserstein_dist:3.0164, vae_loss_seen:374.8107 GZSL: seen=0.3760, unseen=0.4507, h=0.4100 ZSL: unseen accuracy=0.6451
[29/400]  Loss_D: -1.9507 Loss_G: -1.3417, Wasserstein_dist:2.5791, vae_loss_seen:347.4334 GZSL: seen=0.3771, unseen=0.4438, h=0.4077 ZSL: unseen accuracy=0.6479
[30/400]  Loss_D: -2.1022 Loss_G: -1.8560, Wasserstein_dist:2.8283, vae_loss_seen:361.7697 GZSL: seen=0.3810, unseen=0.4264, h=0.4024 ZSL: unseen accuracy=0.6431
[31/400]  Loss_D: -2.0869 Loss_G: -1.8380, Wasserstein_dist:2.7882, vae_loss_seen:373.3497 GZSL: seen=0.3822, unseen=0.4431, h=0.4104 ZSL: unseen accuracy=0.6361
[32/400]  Loss_D: -2.2051 Loss_G: -1.8836, Wasserstein_dist:3.0169, vae_loss_seen:351.3015 GZSL: seen=0.3938, unseen=0.4236, h=0.4082 ZSL: unseen accuracy=0.6424
[33/400]  Loss_D: -1.9833 Loss_G: -1.5383, Wasserstein_dist:2.6952, vae_loss_seen:348.3672 GZSL: seen=0.3787, unseen=0.4410, h=0.4075 ZSL: unseen accuracy=0.6465
[34/400]  Loss_D: -2.1203 Loss_G: -1.8338, Wasserstein_dist:2.9072, vae_loss_seen:354.3449 GZSL: seen=0.3829, unseen=0.4500, h=0.4138 ZSL: unseen accuracy=0.6507
[35/400]  Loss_D: -2.1498 Loss_G: -1.9161, Wasserstein_dist:2.9227, vae_loss_seen:362.2088 GZSL: seen=0.3570, unseen=0.4715, h=0.4063 ZSL: unseen accuracy=0.6431
[36/400]  Loss_D: -1.8396 Loss_G: -1.9095, Wasserstein_dist:2.5402, vae_loss_seen:354.2407 GZSL: seen=0.3632, unseen=0.4764, h=0.4122 ZSL: unseen accuracy=0.6479
[37/400]  Loss_D: -1.7973 Loss_G: -1.9895, Wasserstein_dist:2.5168, vae_loss_seen:344.7360 GZSL: seen=0.3547, unseen=0.4750, h=0.4061 ZSL: unseen accuracy=0.6472
[38/400]  Loss_D: -1.8573 Loss_G: -1.6675, Wasserstein_dist:2.4799, vae_loss_seen:342.3549 GZSL: seen=0.3853, unseen=0.4437, h=0.4124 ZSL: unseen accuracy=0.6549
[39/400]  Loss_D: -1.9686 Loss_G: -1.8274, Wasserstein_dist:2.6700, vae_loss_seen:358.5125 GZSL: seen=0.3597, unseen=0.4938, h=0.4162 ZSL: unseen accuracy=0.6535
[40/400]  Loss_D: -1.7876 Loss_G: -1.6575, Wasserstein_dist:2.3728, vae_loss_seen:349.7652 GZSL: seen=0.3678, unseen=0.4806, h=0.4167 ZSL: unseen accuracy=0.6542
[41/400]  Loss_D: -1.9179 Loss_G: -1.6436, Wasserstein_dist:2.5660, vae_loss_seen:365.0030 GZSL: seen=0.3651, unseen=0.4660, h=0.4094 ZSL: unseen accuracy=0.6458
[42/400]  Loss_D: -1.9642 Loss_G: -1.8515, Wasserstein_dist:2.6760, vae_loss_seen:367.2783 GZSL: seen=0.3632, unseen=0.4868, h=0.4160 ZSL: unseen accuracy=0.6382
[43/400]  Loss_D: -2.0778 Loss_G: -2.3032, Wasserstein_dist:2.8512, vae_loss_seen:370.4078 GZSL: seen=0.3589, unseen=0.4785, h=0.4102 ZSL: unseen accuracy=0.6521
[44/400]  Loss_D: -1.9090 Loss_G: -1.9301, Wasserstein_dist:2.6486, vae_loss_seen:340.7877 GZSL: seen=0.3667, unseen=0.4667, h=0.4107 ZSL: unseen accuracy=0.6507
[45/400]  Loss_D: -1.7768 Loss_G: -1.9469, Wasserstein_dist:2.4688, vae_loss_seen:348.8271 GZSL: seen=0.3721, unseen=0.4750, h=0.4173 ZSL: unseen accuracy=0.6514
[46/400]  Loss_D: -1.7229 Loss_G: -1.7473, Wasserstein_dist:2.3103, vae_loss_seen:345.7295 GZSL: seen=0.3713, unseen=0.4681, h=0.4141 ZSL: unseen accuracy=0.6528
[47/400]  Loss_D: -1.7463 Loss_G: -1.8268, Wasserstein_dist:2.2667, vae_loss_seen:350.5868 GZSL: seen=0.3682, unseen=0.4590, h=0.4086 ZSL: unseen accuracy=0.6444
[48/400]  Loss_D: -2.0174 Loss_G: -2.2320, Wasserstein_dist:2.7747, vae_loss_seen:359.6359 GZSL: seen=0.3961, unseen=0.4465, h=0.4198 ZSL: unseen accuracy=0.6403
[49/400]  Loss_D: -1.9524 Loss_G: -2.2891, Wasserstein_dist:2.5535, vae_loss_seen:360.7198 GZSL: seen=0.3651, unseen=0.4701, h=0.4110 ZSL: unseen accuracy=0.6465
[50/400]  Loss_D: -1.7469 Loss_G: -1.8990, Wasserstein_dist:2.3084, vae_loss_seen:356.9350 GZSL: seen=0.3667, unseen=0.4694, h=0.4117 ZSL: unseen accuracy=0.6556
[51/400]  Loss_D: -1.6159 Loss_G: -1.9015, Wasserstein_dist:2.2226, vae_loss_seen:347.8849 GZSL: seen=0.3655, unseen=0.4604, h=0.4075 ZSL: unseen accuracy=0.6472
[52/400]  Loss_D: -1.7372 Loss_G: -2.1234, Wasserstein_dist:2.4269, vae_loss_seen:343.2586 GZSL: seen=0.3702, unseen=0.4625, h=0.4112 ZSL: unseen accuracy=0.6535
[53/400]  Loss_D: -1.8312 Loss_G: -2.2216, Wasserstein_dist:2.4464, vae_loss_seen:357.6432 GZSL: seen=0.3752, unseen=0.4604, h=0.4135 ZSL: unseen accuracy=0.6528
[54/400]  Loss_D: -1.7518 Loss_G: -2.2298, Wasserstein_dist:2.3871, vae_loss_seen:345.5117 GZSL: seen=0.3678, unseen=0.4688, h=0.4122 ZSL: unseen accuracy=0.6556
[55/400]  Loss_D: -1.7162 Loss_G: -1.7905, Wasserstein_dist:2.2456, vae_loss_seen:351.5197 GZSL: seen=0.3740, unseen=0.4528, h=0.4097 ZSL: unseen accuracy=0.6493
[56/400]  Loss_D: -1.6748 Loss_G: -1.9932, Wasserstein_dist:2.2001, vae_loss_seen:341.9828 GZSL: seen=0.3725, unseen=0.4687, h=0.4151 ZSL: unseen accuracy=0.6500
[57/400]  Loss_D: -1.6768 Loss_G: -2.1660, Wasserstein_dist:2.3127, vae_loss_seen:349.9736 GZSL: seen=0.4043, unseen=0.4208, h=0.4124 ZSL: unseen accuracy=0.6424
[58/400]  Loss_D: -1.7870 Loss_G: -2.2432, Wasserstein_dist:2.4220, vae_loss_seen:349.6891 GZSL: seen=0.3764, unseen=0.4604, h=0.4142 ZSL: unseen accuracy=0.6500
[59/400]  Loss_D: -1.6632 Loss_G: -2.4405, Wasserstein_dist:2.2250, vae_loss_seen:362.6675 GZSL: seen=0.3748, unseen=0.4569, h=0.4118 ZSL: unseen accuracy=0.6375
[60/400]  Loss_D: -1.7310 Loss_G: -2.2444, Wasserstein_dist:2.3593, vae_loss_seen:351.2911 GZSL: seen=0.3516, unseen=0.5007, h=0.4131 ZSL: unseen accuracy=0.6556
[61/400]  Loss_D: -1.5623 Loss_G: -1.9598, Wasserstein_dist:2.0733, vae_loss_seen:342.0990 GZSL: seen=0.3612, unseen=0.4701, h=0.4086 ZSL: unseen accuracy=0.6521
[62/400]  Loss_D: -1.6641 Loss_G: -1.9450, Wasserstein_dist:2.1359, vae_loss_seen:357.9190 GZSL: seen=0.3876, unseen=0.4451, h=0.4144 ZSL: unseen accuracy=0.6493
[63/400]  Loss_D: -1.8776 Loss_G: -2.5840, Wasserstein_dist:2.5047, vae_loss_seen:368.7210 GZSL: seen=0.3740, unseen=0.4542, h=0.4102 ZSL: unseen accuracy=0.6500
[64/400]  Loss_D: -1.6772 Loss_G: -2.1020, Wasserstein_dist:2.2300, vae_loss_seen:354.4709 GZSL: seen=0.3531, unseen=0.4868, h=0.4093 ZSL: unseen accuracy=0.6389
[65/400]  Loss_D: -1.6212 Loss_G: -2.2395, Wasserstein_dist:2.1497, vae_loss_seen:342.5984 GZSL: seen=0.3814, unseen=0.4618, h=0.4178 ZSL: unseen accuracy=0.6486
[66/400]  Loss_D: -1.5539 Loss_G: -2.1198, Wasserstein_dist:2.0196, vae_loss_seen:337.8258 GZSL: seen=0.3779, unseen=0.4597, h=0.4148 ZSL: unseen accuracy=0.6542
[67/400]  Loss_D: -1.4822 Loss_G: -2.2346, Wasserstein_dist:2.0521, vae_loss_seen:336.7654 GZSL: seen=0.3748, unseen=0.4438, h=0.4064 ZSL: unseen accuracy=0.6437
[68/400]  Loss_D: -1.6857 Loss_G: -2.4648, Wasserstein_dist:2.3384, vae_loss_seen:349.2676 GZSL: seen=0.3833, unseen=0.4549, h=0.4160 ZSL: unseen accuracy=0.6514
[69/400]  Loss_D: -1.6440 Loss_G: -2.0449, Wasserstein_dist:2.1363, vae_loss_seen:352.7583 GZSL: seen=0.3826, unseen=0.4458, h=0.4118 ZSL: unseen accuracy=0.6451
[70/400]  Loss_D: -1.6458 Loss_G: -2.2857, Wasserstein_dist:2.2360, vae_loss_seen:350.3486 GZSL: seen=0.3864, unseen=0.4583, h=0.4193 ZSL: unseen accuracy=0.6521
[71/400]  Loss_D: -1.5308 Loss_G: -2.1137, Wasserstein_dist:2.0501, vae_loss_seen:345.7069 GZSL: seen=0.3833, unseen=0.4424, h=0.4107 ZSL: unseen accuracy=0.6472
[72/400]  Loss_D: -1.5571 Loss_G: -2.2739, Wasserstein_dist:2.0688, vae_loss_seen:337.8990 GZSL: seen=0.4109, unseen=0.4076, h=0.4092 ZSL: unseen accuracy=0.6417
[73/400]  Loss_D: -1.4859 Loss_G: -1.8401, Wasserstein_dist:2.0236, vae_loss_seen:341.4514 GZSL: seen=0.3826, unseen=0.4451, h=0.4115 ZSL: unseen accuracy=0.6465
[74/400]  Loss_D: -1.5224 Loss_G: -2.1980, Wasserstein_dist:2.0064, vae_loss_seen:350.9846 GZSL: seen=0.3833, unseen=0.4687, h=0.4218 ZSL: unseen accuracy=0.6458
[75/400]  Loss_D: -1.4581 Loss_G: -2.3124, Wasserstein_dist:1.9967, vae_loss_seen:357.6488 GZSL: seen=0.3570, unseen=0.4951, h=0.4149 ZSL: unseen accuracy=0.6507
[76/400]  Loss_D: -1.6322 Loss_G: -2.1098, Wasserstein_dist:2.1524, vae_loss_seen:347.1705 GZSL: seen=0.4124, unseen=0.4236, h=0.4179 ZSL: unseen accuracy=0.6646
[77/400]  Loss_D: -1.5189 Loss_G: -2.3033, Wasserstein_dist:1.9931, vae_loss_seen:342.9294 GZSL: seen=0.3841, unseen=0.4479, h=0.4136 ZSL: unseen accuracy=0.6507
[78/400]  Loss_D: -1.4794 Loss_G: -2.1013, Wasserstein_dist:1.9986, vae_loss_seen:345.1483 GZSL: seen=0.3783, unseen=0.4465, h=0.4096 ZSL: unseen accuracy=0.6403
[79/400]  Loss_D: -1.3743 Loss_G: -2.0883, Wasserstein_dist:1.8145, vae_loss_seen:333.2888 GZSL: seen=0.3663, unseen=0.4861, h=0.4178 ZSL: unseen accuracy=0.6514
[80/400]  Loss_D: -1.5144 Loss_G: -2.3171, Wasserstein_dist:2.0558, vae_loss_seen:353.5452 GZSL: seen=0.3810, unseen=0.4431, h=0.4097 ZSL: unseen accuracy=0.6410
[81/400]  Loss_D: -1.4943 Loss_G: -2.3562, Wasserstein_dist:2.0509, vae_loss_seen:343.0347 GZSL: seen=0.3864, unseen=0.4528, h=0.4170 ZSL: unseen accuracy=0.6507
[82/400]  Loss_D: -1.3937 Loss_G: -2.4799, Wasserstein_dist:1.8758, vae_loss_seen:358.3679 GZSL: seen=0.3891, unseen=0.4361, h=0.4113 ZSL: unseen accuracy=0.6368
[83/400]  Loss_D: -1.5742 Loss_G: -2.8089, Wasserstein_dist:2.1745, vae_loss_seen:345.0335 GZSL: seen=0.3616, unseen=0.4917, h=0.4167 ZSL: unseen accuracy=0.6410
[84/400]  Loss_D: -1.4398 Loss_G: -2.4907, Wasserstein_dist:1.9167, vae_loss_seen:353.8138 GZSL: seen=0.3612, unseen=0.4806, h=0.4124 ZSL: unseen accuracy=0.6500
[85/400]  Loss_D: -1.4381 Loss_G: -2.5405, Wasserstein_dist:1.9210, vae_loss_seen:344.1271 GZSL: seen=0.3632, unseen=0.4785, h=0.4129 ZSL: unseen accuracy=0.6486
[86/400]  Loss_D: -1.5428 Loss_G: -2.5231, Wasserstein_dist:2.0954, vae_loss_seen:364.4140 GZSL: seen=0.4062, unseen=0.4264, h=0.4161 ZSL: unseen accuracy=0.6472
[87/400]  Loss_D: -1.4309 Loss_G: -2.7631, Wasserstein_dist:2.0033, vae_loss_seen:354.0241 GZSL: seen=0.3950, unseen=0.4444, h=0.4182 ZSL: unseen accuracy=0.6424
[88/400]  Loss_D: -1.4244 Loss_G: -2.4401, Wasserstein_dist:1.9302, vae_loss_seen:347.0158 GZSL: seen=0.3880, unseen=0.4514, h=0.4173 ZSL: unseen accuracy=0.6604
[89/400]  Loss_D: -1.5917 Loss_G: -2.8658, Wasserstein_dist:2.1191, vae_loss_seen:368.2577 GZSL: seen=0.3942, unseen=0.4479, h=0.4193 ZSL: unseen accuracy=0.6479
[90/400]  Loss_D: -1.4521 Loss_G: -2.8697, Wasserstein_dist:2.0243, vae_loss_seen:363.2629 GZSL: seen=0.3547, unseen=0.5049, h=0.4166 ZSL: unseen accuracy=0.6458
[91/400]  Loss_D: -1.4934 Loss_G: -2.6015, Wasserstein_dist:2.0195, vae_loss_seen:357.5719 GZSL: seen=0.3822, unseen=0.4438, h=0.4107 ZSL: unseen accuracy=0.6556
[92/400]  Loss_D: -1.5289 Loss_G: -2.8584, Wasserstein_dist:2.0751, vae_loss_seen:348.1417 GZSL: seen=0.3934, unseen=0.4618, h=0.4249 ZSL: unseen accuracy=0.6465
[93/400]  Loss_D: -1.4209 Loss_G: -2.5471, Wasserstein_dist:1.9509, vae_loss_seen:346.4997 GZSL: seen=0.3915, unseen=0.4319, h=0.4107 ZSL: unseen accuracy=0.6361
[94/400]  Loss_D: -1.3662 Loss_G: -2.5935, Wasserstein_dist:1.9277, vae_loss_seen:339.2664 GZSL: seen=0.3674, unseen=0.4861, h=0.4185 ZSL: unseen accuracy=0.6465
[95/400]  Loss_D: -1.5239 Loss_G: -2.6760, Wasserstein_dist:2.0229, vae_loss_seen:335.8092 GZSL: seen=0.3616, unseen=0.4840, h=0.4140 ZSL: unseen accuracy=0.6451
[96/400]  Loss_D: -1.3465 Loss_G: -2.9626, Wasserstein_dist:1.8448, vae_loss_seen:346.4086 GZSL: seen=0.3965, unseen=0.4458, h=0.4197 ZSL: unseen accuracy=0.6486
[97/400]  Loss_D: -1.3255 Loss_G: -2.3412, Wasserstein_dist:1.8213, vae_loss_seen:337.2359 GZSL: seen=0.3907, unseen=0.4313, h=0.4100 ZSL: unseen accuracy=0.6451
[98/400]  Loss_D: -1.4008 Loss_G: -2.6995, Wasserstein_dist:1.9311, vae_loss_seen:347.1249 GZSL: seen=0.3899, unseen=0.4431, h=0.4148 ZSL: unseen accuracy=0.6396
[99/400]  Loss_D: -1.3474 Loss_G: -2.2631, Wasserstein_dist:1.8174, vae_loss_seen:334.5937 GZSL: seen=0.4008, unseen=0.4292, h=0.4145 ZSL: unseen accuracy=0.6410
[100/400]  Loss_D: -1.5295 Loss_G: -2.9112, Wasserstein_dist:2.0416, vae_loss_seen:350.5038 GZSL: seen=0.3578, unseen=0.4854, h=0.4119 ZSL: unseen accuracy=0.6438
[101/400]  Loss_D: -1.5374 Loss_G: -2.7147, Wasserstein_dist:2.0517, vae_loss_seen:336.8633 GZSL: seen=0.3721, unseen=0.4736, h=0.4168 ZSL: unseen accuracy=0.6451
[102/400]  Loss_D: -1.3957 Loss_G: -2.4484, Wasserstein_dist:1.8641, vae_loss_seen:349.2210 GZSL: seen=0.3748, unseen=0.4681, h=0.4163 ZSL: unseen accuracy=0.6444
[103/400]  Loss_D: -1.5119 Loss_G: -2.7082, Wasserstein_dist:1.9824, vae_loss_seen:346.9453 GZSL: seen=0.3857, unseen=0.4465, h=0.4139 ZSL: unseen accuracy=0.6500
[104/400]  Loss_D: -1.3107 Loss_G: -2.6464, Wasserstein_dist:1.7794, vae_loss_seen:341.4326 GZSL: seen=0.4000, unseen=0.4410, h=0.4195 ZSL: unseen accuracy=0.6576
[105/400]  Loss_D: -1.4823 Loss_G: -2.7897, Wasserstein_dist:1.9438, vae_loss_seen:355.9908 GZSL: seen=0.3903, unseen=0.4354, h=0.4116 ZSL: unseen accuracy=0.6354
[106/400]  Loss_D: -1.3115 Loss_G: -2.6197, Wasserstein_dist:1.8258, vae_loss_seen:341.6743 GZSL: seen=0.3953, unseen=0.4264, h=0.4103 ZSL: unseen accuracy=0.6486
[107/400]  Loss_D: -1.3631 Loss_G: -2.6974, Wasserstein_dist:1.8482, vae_loss_seen:345.0688 GZSL: seen=0.3609, unseen=0.4792, h=0.4117 ZSL: unseen accuracy=0.6417
[108/400]  Loss_D: -1.2077 Loss_G: -2.5729, Wasserstein_dist:1.6629, vae_loss_seen:338.0703 GZSL: seen=0.3907, unseen=0.4535, h=0.4198 ZSL: unseen accuracy=0.6500
[109/400]  Loss_D: -1.3543 Loss_G: -2.7037, Wasserstein_dist:1.8509, vae_loss_seen:347.6242 GZSL: seen=0.4012, unseen=0.4437, h=0.4214 ZSL: unseen accuracy=0.6458
[110/400]  Loss_D: -1.2913 Loss_G: -2.7559, Wasserstein_dist:1.6767, vae_loss_seen:360.2906 GZSL: seen=0.4066, unseen=0.4479, h=0.4263 ZSL: unseen accuracy=0.6410
[111/400]  Loss_D: -1.3585 Loss_G: -2.5683, Wasserstein_dist:1.8107, vae_loss_seen:336.6071 GZSL: seen=0.3721, unseen=0.4757, h=0.4176 ZSL: unseen accuracy=0.6549
[112/400]  Loss_D: -1.1647 Loss_G: -2.5442, Wasserstein_dist:1.6029, vae_loss_seen:331.8771 GZSL: seen=0.3996, unseen=0.4375, h=0.4177 ZSL: unseen accuracy=0.6451
[113/400]  Loss_D: -1.3551 Loss_G: -2.8559, Wasserstein_dist:1.8604, vae_loss_seen:339.8891 GZSL: seen=0.4019, unseen=0.4326, h=0.4167 ZSL: unseen accuracy=0.6444
[114/400]  Loss_D: -1.3816 Loss_G: -2.6751, Wasserstein_dist:1.9411, vae_loss_seen:349.3376 GZSL: seen=0.3690, unseen=0.4792, h=0.4169 ZSL: unseen accuracy=0.6424
[115/400]  Loss_D: -1.2346 Loss_G: -2.8105, Wasserstein_dist:1.7098, vae_loss_seen:340.6232 GZSL: seen=0.3725, unseen=0.4889, h=0.4228 ZSL: unseen accuracy=0.6424
[116/400]  Loss_D: -1.4958 Loss_G: -2.8715, Wasserstein_dist:2.0105, vae_loss_seen:357.7178 GZSL: seen=0.3783, unseen=0.4729, h=0.4203 ZSL: unseen accuracy=0.6368
[117/400]  Loss_D: -1.3466 Loss_G: -2.8213, Wasserstein_dist:1.8475, vae_loss_seen:335.1429 GZSL: seen=0.3709, unseen=0.4701, h=0.4147 ZSL: unseen accuracy=0.6375
[118/400]  Loss_D: -1.2979 Loss_G: -3.1963, Wasserstein_dist:1.8150, vae_loss_seen:351.6393 GZSL: seen=0.3981, unseen=0.4514, h=0.4231 ZSL: unseen accuracy=0.6556
[119/400]  Loss_D: -1.2568 Loss_G: -2.6254, Wasserstein_dist:1.6596, vae_loss_seen:324.3639 GZSL: seen=0.3651, unseen=0.4882, h=0.4178 ZSL: unseen accuracy=0.6479
[120/400]  Loss_D: -1.3451 Loss_G: -2.9457, Wasserstein_dist:1.8521, vae_loss_seen:338.5933 GZSL: seen=0.3969, unseen=0.4479, h=0.4209 ZSL: unseen accuracy=0.6403
[121/400]  Loss_D: -1.3923 Loss_G: -2.7487, Wasserstein_dist:1.8463, vae_loss_seen:354.6878 GZSL: seen=0.3725, unseen=0.4576, h=0.4107 ZSL: unseen accuracy=0.6417
[122/400]  Loss_D: -1.3989 Loss_G: -2.7788, Wasserstein_dist:1.8381, vae_loss_seen:333.6044 GZSL: seen=0.3752, unseen=0.4868, h=0.4238 ZSL: unseen accuracy=0.6458
[123/400]  Loss_D: -1.5006 Loss_G: -2.7534, Wasserstein_dist:1.9468, vae_loss_seen:354.7598 GZSL: seen=0.3973, unseen=0.4403, h=0.4177 ZSL: unseen accuracy=0.6417
[124/400]  Loss_D: -1.2075 Loss_G: -2.7521, Wasserstein_dist:1.6203, vae_loss_seen:341.5837 GZSL: seen=0.3702, unseen=0.4625, h=0.4112 ZSL: unseen accuracy=0.6472
[125/400]  Loss_D: -1.1194 Loss_G: -3.1773, Wasserstein_dist:1.5552, vae_loss_seen:360.7267 GZSL: seen=0.3702, unseen=0.4660, h=0.4126 ZSL: unseen accuracy=0.6437
[126/400]  Loss_D: -1.1773 Loss_G: -2.8152, Wasserstein_dist:1.6704, vae_loss_seen:320.5159 GZSL: seen=0.3694, unseen=0.4667, h=0.4124 ZSL: unseen accuracy=0.6361
[127/400]  Loss_D: -1.2928 Loss_G: -3.0067, Wasserstein_dist:1.7406, vae_loss_seen:345.0194 GZSL: seen=0.3767, unseen=0.4868, h=0.4248 ZSL: unseen accuracy=0.6465
[128/400]  Loss_D: -1.1482 Loss_G: -2.8428, Wasserstein_dist:1.5953, vae_loss_seen:340.0948 GZSL: seen=0.3733, unseen=0.4708, h=0.4164 ZSL: unseen accuracy=0.6458
[129/400]  Loss_D: -1.1888 Loss_G: -3.0991, Wasserstein_dist:1.6328, vae_loss_seen:340.4620 GZSL: seen=0.3760, unseen=0.4757, h=0.4200 ZSL: unseen accuracy=0.6403
[130/400]  Loss_D: -1.4133 Loss_G: -3.1887, Wasserstein_dist:1.9709, vae_loss_seen:334.6443 GZSL: seen=0.3744, unseen=0.4771, h=0.4196 ZSL: unseen accuracy=0.6444
[131/400]  Loss_D: -1.1762 Loss_G: -2.4950, Wasserstein_dist:1.5054, vae_loss_seen:347.1656 GZSL: seen=0.3655, unseen=0.4833, h=0.4162 ZSL: unseen accuracy=0.6444
[132/400]  Loss_D: -1.2664 Loss_G: -2.9086, Wasserstein_dist:1.7088, vae_loss_seen:344.2457 GZSL: seen=0.4039, unseen=0.4361, h=0.4194 ZSL: unseen accuracy=0.6375
[133/400]  Loss_D: -1.1395 Loss_G: -2.6668, Wasserstein_dist:1.5530, vae_loss_seen:329.1867 GZSL: seen=0.3643, unseen=0.4951, h=0.4198 ZSL: unseen accuracy=0.6431
[134/400]  Loss_D: -1.2492 Loss_G: -2.9148, Wasserstein_dist:1.7186, vae_loss_seen:344.6291 GZSL: seen=0.3740, unseen=0.4694, h=0.4163 ZSL: unseen accuracy=0.6382
[135/400]  Loss_D: -1.0070 Loss_G: -2.7066, Wasserstein_dist:1.4412, vae_loss_seen:331.5742 GZSL: seen=0.3736, unseen=0.4653, h=0.4145 ZSL: unseen accuracy=0.6417
[136/400]  Loss_D: -1.1179 Loss_G: -2.8238, Wasserstein_dist:1.5377, vae_loss_seen:334.3831 GZSL: seen=0.3791, unseen=0.4646, h=0.4175 ZSL: unseen accuracy=0.6389
[137/400]  Loss_D: -0.9992 Loss_G: -2.6615, Wasserstein_dist:1.3805, vae_loss_seen:334.1817 GZSL: seen=0.3740, unseen=0.4653, h=0.4147 ZSL: unseen accuracy=0.6417
[138/400]  Loss_D: -1.0618 Loss_G: -2.5848, Wasserstein_dist:1.4146, vae_loss_seen:348.1230 GZSL: seen=0.3744, unseen=0.4694, h=0.4166 ZSL: unseen accuracy=0.6375
[139/400]  Loss_D: -1.2443 Loss_G: -2.9610, Wasserstein_dist:1.6650, vae_loss_seen:339.2764 GZSL: seen=0.3752, unseen=0.4771, h=0.4200 ZSL: unseen accuracy=0.6458
[140/400]  Loss_D: -1.2786 Loss_G: -2.9562, Wasserstein_dist:1.7894, vae_loss_seen:346.4916 GZSL: seen=0.3729, unseen=0.4722, h=0.4167 ZSL: unseen accuracy=0.6368
[141/400]  Loss_D: -1.1775 Loss_G: -2.5912, Wasserstein_dist:1.5226, vae_loss_seen:345.4461 GZSL: seen=0.3802, unseen=0.4715, h=0.4210 ZSL: unseen accuracy=0.6389
[142/400]  Loss_D: -1.2571 Loss_G: -2.7735, Wasserstein_dist:1.6888, vae_loss_seen:337.0832 GZSL: seen=0.3729, unseen=0.4694, h=0.4156 ZSL: unseen accuracy=0.6417
[143/400]  Loss_D: -1.2327 Loss_G: -2.4871, Wasserstein_dist:1.6259, vae_loss_seen:335.5874 GZSL: seen=0.3779, unseen=0.4597, h=0.4148 ZSL: unseen accuracy=0.6375
[144/400]  Loss_D: -1.0826 Loss_G: -3.2210, Wasserstein_dist:1.4758, vae_loss_seen:338.9820 GZSL: seen=0.3736, unseen=0.4785, h=0.4196 ZSL: unseen accuracy=0.6410
[145/400]  Loss_D: -1.1912 Loss_G: -2.9327, Wasserstein_dist:1.6136, vae_loss_seen:351.7643 GZSL: seen=0.3729, unseen=0.4715, h=0.4164 ZSL: unseen accuracy=0.6326
[146/400]  Loss_D: -1.2712 Loss_G: -3.1453, Wasserstein_dist:1.6974, vae_loss_seen:340.9904 GZSL: seen=0.3767, unseen=0.4771, h=0.4210 ZSL: unseen accuracy=0.6375
[147/400]  Loss_D: -1.1736 Loss_G: -2.8474, Wasserstein_dist:1.5722, vae_loss_seen:335.3782 GZSL: seen=0.3814, unseen=0.4694, h=0.4209 ZSL: unseen accuracy=0.6299
[148/400]  Loss_D: -1.1657 Loss_G: -2.9182, Wasserstein_dist:1.6198, vae_loss_seen:326.2386 GZSL: seen=0.3694, unseen=0.4687, h=0.4132 ZSL: unseen accuracy=0.6326
[149/400]  Loss_D: -1.2973 Loss_G: -3.0179, Wasserstein_dist:1.7457, vae_loss_seen:351.6830 GZSL: seen=0.4078, unseen=0.4451, h=0.4256 ZSL: unseen accuracy=0.6382
[150/400]  Loss_D: -1.1137 Loss_G: -3.1072, Wasserstein_dist:1.5293, vae_loss_seen:349.6500 GZSL: seen=0.3806, unseen=0.4569, h=0.4153 ZSL: unseen accuracy=0.6278
[151/400]  Loss_D: -1.2144 Loss_G: -2.8703, Wasserstein_dist:1.6371, vae_loss_seen:336.0110 GZSL: seen=0.3767, unseen=0.4660, h=0.4166 ZSL: unseen accuracy=0.6410
[152/400]  Loss_D: -1.1455 Loss_G: -2.9147, Wasserstein_dist:1.5602, vae_loss_seen:320.4733 GZSL: seen=0.4109, unseen=0.4118, h=0.4113 ZSL: unseen accuracy=0.6347
[153/400]  Loss_D: -1.0880 Loss_G: -2.8746, Wasserstein_dist:1.5462, vae_loss_seen:343.3377 GZSL: seen=0.3671, unseen=0.4611, h=0.4087 ZSL: unseen accuracy=0.6361
[154/400]  Loss_D: -1.4216 Loss_G: -3.5197, Wasserstein_dist:1.9752, vae_loss_seen:339.5138 GZSL: seen=0.3853, unseen=0.4535, h=0.4166 ZSL: unseen accuracy=0.6382
[155/400]  Loss_D: -1.2645 Loss_G: -3.2034, Wasserstein_dist:1.7457, vae_loss_seen:341.5304 GZSL: seen=0.3818, unseen=0.4535, h=0.4146 ZSL: unseen accuracy=0.6319
[156/400]  Loss_D: -1.1779 Loss_G: -3.4236, Wasserstein_dist:1.6333, vae_loss_seen:339.5961 GZSL: seen=0.3977, unseen=0.4208, h=0.4089 ZSL: unseen accuracy=0.6299
[157/400]  Loss_D: -1.0246 Loss_G: -3.0454, Wasserstein_dist:1.4569, vae_loss_seen:339.7708 GZSL: seen=0.3826, unseen=0.4646, h=0.4196 ZSL: unseen accuracy=0.6354
[158/400]  Loss_D: -1.2019 Loss_G: -3.2762, Wasserstein_dist:1.6677, vae_loss_seen:345.1713 GZSL: seen=0.3787, unseen=0.4715, h=0.4200 ZSL: unseen accuracy=0.6465
[159/400]  Loss_D: -1.1786 Loss_G: -2.9731, Wasserstein_dist:1.5798, vae_loss_seen:343.7863 GZSL: seen=0.3837, unseen=0.4625, h=0.4194 ZSL: unseen accuracy=0.6292
[160/400]  Loss_D: -1.2521 Loss_G: -3.4772, Wasserstein_dist:1.6946, vae_loss_seen:355.5514 GZSL: seen=0.3891, unseen=0.4465, h=0.4159 ZSL: unseen accuracy=0.6417
[161/400]  Loss_D: -1.1865 Loss_G: -3.3485, Wasserstein_dist:1.6563, vae_loss_seen:346.1978 GZSL: seen=0.4085, unseen=0.4188, h=0.4136 ZSL: unseen accuracy=0.6312
[162/400]  Loss_D: -1.1701 Loss_G: -2.9361, Wasserstein_dist:1.5736, vae_loss_seen:341.9073 GZSL: seen=0.3810, unseen=0.4722, h=0.4217 ZSL: unseen accuracy=0.6375
[163/400]  Loss_D: -1.2473 Loss_G: -3.0520, Wasserstein_dist:1.6431, vae_loss_seen:355.1156 GZSL: seen=0.3798, unseen=0.4646, h=0.4180 ZSL: unseen accuracy=0.6368
[164/400]  Loss_D: -1.2183 Loss_G: -3.1173, Wasserstein_dist:1.6808, vae_loss_seen:325.1613 GZSL: seen=0.3810, unseen=0.4535, h=0.4141 ZSL: unseen accuracy=0.6285
[165/400]  Loss_D: -1.0614 Loss_G: -3.1796, Wasserstein_dist:1.4638, vae_loss_seen:353.8335 GZSL: seen=0.4031, unseen=0.4215, h=0.4121 ZSL: unseen accuracy=0.6333
[166/400]  Loss_D: -1.0438 Loss_G: -3.0827, Wasserstein_dist:1.4288, vae_loss_seen:353.0230 GZSL: seen=0.3791, unseen=0.4556, h=0.4138 ZSL: unseen accuracy=0.6382
[167/400]  Loss_D: -1.2672 Loss_G: -3.0971, Wasserstein_dist:1.6367, vae_loss_seen:344.7423 GZSL: seen=0.3857, unseen=0.4618, h=0.4203 ZSL: unseen accuracy=0.6326
[168/400]  Loss_D: -1.0801 Loss_G: -2.9236, Wasserstein_dist:1.4758, vae_loss_seen:323.7463 GZSL: seen=0.3748, unseen=0.4625, h=0.4141 ZSL: unseen accuracy=0.6361
[169/400]  Loss_D: -1.2167 Loss_G: -3.2263, Wasserstein_dist:1.6219, vae_loss_seen:324.0027 GZSL: seen=0.3795, unseen=0.4597, h=0.4158 ZSL: unseen accuracy=0.6264
[170/400]  Loss_D: -1.1122 Loss_G: -3.0326, Wasserstein_dist:1.5983, vae_loss_seen:340.0303 GZSL: seen=0.3818, unseen=0.4451, h=0.4110 ZSL: unseen accuracy=0.6368
[171/400]  Loss_D: -0.9870 Loss_G: -2.8724, Wasserstein_dist:1.3083, vae_loss_seen:332.8398 GZSL: seen=0.3752, unseen=0.4681, h=0.4165 ZSL: unseen accuracy=0.6417
[172/400]  Loss_D: -1.2220 Loss_G: -3.3267, Wasserstein_dist:1.6889, vae_loss_seen:347.8716 GZSL: seen=0.3818, unseen=0.4444, h=0.4107 ZSL: unseen accuracy=0.6312
[173/400]  Loss_D: -1.1843 Loss_G: -3.3593, Wasserstein_dist:1.5873, vae_loss_seen:342.1541 GZSL: seen=0.3911, unseen=0.4604, h=0.4229 ZSL: unseen accuracy=0.6375
[174/400]  Loss_D: -1.1168 Loss_G: -3.2821, Wasserstein_dist:1.5410, vae_loss_seen:342.2674 GZSL: seen=0.3849, unseen=0.4646, h=0.4210 ZSL: unseen accuracy=0.6396
[175/400]  Loss_D: -1.1850 Loss_G: -3.3322, Wasserstein_dist:1.6136, vae_loss_seen:330.5306 GZSL: seen=0.3802, unseen=0.4563, h=0.4148 ZSL: unseen accuracy=0.6424
[176/400]  Loss_D: -1.0830 Loss_G: -3.1672, Wasserstein_dist:1.4816, vae_loss_seen:332.8843 GZSL: seen=0.3740, unseen=0.4715, h=0.4172 ZSL: unseen accuracy=0.6410
[177/400]  Loss_D: -1.1198 Loss_G: -3.3767, Wasserstein_dist:1.5441, vae_loss_seen:341.5879 GZSL: seen=0.4097, unseen=0.4236, h=0.4165 ZSL: unseen accuracy=0.6382
[178/400]  Loss_D: -1.0507 Loss_G: -3.4029, Wasserstein_dist:1.5386, vae_loss_seen:314.8570 GZSL: seen=0.3860, unseen=0.4646, h=0.4217 ZSL: unseen accuracy=0.6375
[179/400]  Loss_D: -1.0870 Loss_G: -3.4242, Wasserstein_dist:1.4951, vae_loss_seen:347.8630 GZSL: seen=0.3558, unseen=0.5076, h=0.4184 ZSL: unseen accuracy=0.6458
[180/400]  Loss_D: -1.0013 Loss_G: -2.7319, Wasserstein_dist:1.3322, vae_loss_seen:340.1793 GZSL: seen=0.3864, unseen=0.4611, h=0.4205 ZSL: unseen accuracy=0.6389
[181/400]  Loss_D: -0.9920 Loss_G: -3.1514, Wasserstein_dist:1.3802, vae_loss_seen:348.2198 GZSL: seen=0.3930, unseen=0.4514, h=0.4202 ZSL: unseen accuracy=0.6458
[182/400]  Loss_D: -1.1489 Loss_G: -3.2091, Wasserstein_dist:1.5290, vae_loss_seen:339.2532 GZSL: seen=0.3849, unseen=0.4583, h=0.4184 ZSL: unseen accuracy=0.6340
[183/400]  Loss_D: -0.9140 Loss_G: -2.8842, Wasserstein_dist:1.2270, vae_loss_seen:334.1684 GZSL: seen=0.3733, unseen=0.4757, h=0.4183 ZSL: unseen accuracy=0.6375
[184/400]  Loss_D: -1.0141 Loss_G: -3.1099, Wasserstein_dist:1.4028, vae_loss_seen:331.4700 GZSL: seen=0.3853, unseen=0.4701, h=0.4235 ZSL: unseen accuracy=0.6319
[185/400]  Loss_D: -1.1725 Loss_G: -2.7329, Wasserstein_dist:1.5273, vae_loss_seen:322.6866 GZSL: seen=0.3806, unseen=0.4632, h=0.4179 ZSL: unseen accuracy=0.6444
[186/400]  Loss_D: -1.0835 Loss_G: -3.4391, Wasserstein_dist:1.5748, vae_loss_seen:349.5451 GZSL: seen=0.3903, unseen=0.4465, h=0.4165 ZSL: unseen accuracy=0.6319
[187/400]  Loss_D: -1.0853 Loss_G: -2.9753, Wasserstein_dist:1.4235, vae_loss_seen:329.0105 GZSL: seen=0.3899, unseen=0.4569, h=0.4208 ZSL: unseen accuracy=0.6361
[188/400]  Loss_D: -1.0043 Loss_G: -3.0464, Wasserstein_dist:1.3364, vae_loss_seen:353.2206 GZSL: seen=0.3795, unseen=0.4653, h=0.4180 ZSL: unseen accuracy=0.6347
[189/400]  Loss_D: -1.0771 Loss_G: -3.0703, Wasserstein_dist:1.4737, vae_loss_seen:339.4621 GZSL: seen=0.3864, unseen=0.4569, h=0.4187 ZSL: unseen accuracy=0.6368
[190/400]  Loss_D: -0.9295 Loss_G: -2.9234, Wasserstein_dist:1.2933, vae_loss_seen:334.5484 GZSL: seen=0.3849, unseen=0.4583, h=0.4184 ZSL: unseen accuracy=0.6361
[191/400]  Loss_D: -1.1909 Loss_G: -3.1709, Wasserstein_dist:1.5853, vae_loss_seen:345.0054 GZSL: seen=0.3756, unseen=0.4590, h=0.4131 ZSL: unseen accuracy=0.6257
[192/400]  Loss_D: -1.1411 Loss_G: -2.8016, Wasserstein_dist:1.4851, vae_loss_seen:333.5946 GZSL: seen=0.3810, unseen=0.4722, h=0.4217 ZSL: unseen accuracy=0.6535
[193/400]  Loss_D: -1.2242 Loss_G: -3.2029, Wasserstein_dist:1.6081, vae_loss_seen:336.6599 GZSL: seen=0.3822, unseen=0.4556, h=0.4156 ZSL: unseen accuracy=0.6292
[194/400]  Loss_D: -1.1067 Loss_G: -3.1875, Wasserstein_dist:1.5049, vae_loss_seen:356.1872 GZSL: seen=0.3969, unseen=0.4458, h=0.4199 ZSL: unseen accuracy=0.6333
[195/400]  Loss_D: -0.9919 Loss_G: -3.4011, Wasserstein_dist:1.4071, vae_loss_seen:335.3689 GZSL: seen=0.3779, unseen=0.4583, h=0.4143 ZSL: unseen accuracy=0.6333
[196/400]  Loss_D: -1.0919 Loss_G: -3.4280, Wasserstein_dist:1.4987, vae_loss_seen:326.8391 GZSL: seen=0.3919, unseen=0.4514, h=0.4195 ZSL: unseen accuracy=0.6285
[197/400]  Loss_D: -1.0457 Loss_G: -3.2781, Wasserstein_dist:1.4083, vae_loss_seen:335.2609 GZSL: seen=0.3783, unseen=0.4590, h=0.4148 ZSL: unseen accuracy=0.6375
[198/400]  Loss_D: -0.9646 Loss_G: -2.8012, Wasserstein_dist:1.2883, vae_loss_seen:335.2726 GZSL: seen=0.3857, unseen=0.4646, h=0.4215 ZSL: unseen accuracy=0.6333
[199/400]  Loss_D: -1.1665 Loss_G: -2.8353, Wasserstein_dist:1.5538, vae_loss_seen:340.6900 GZSL: seen=0.3849, unseen=0.4708, h=0.4235 ZSL: unseen accuracy=0.6437
[200/400]  Loss_D: -1.1057 Loss_G: -3.2220, Wasserstein_dist:1.4667, vae_loss_seen:351.9622 GZSL: seen=0.3795, unseen=0.4757, h=0.4222 ZSL: unseen accuracy=0.6326
[201/400]  Loss_D: -0.9955 Loss_G: -2.6937, Wasserstein_dist:1.3221, vae_loss_seen:315.3353 GZSL: seen=0.3860, unseen=0.4667, h=0.4225 ZSL: unseen accuracy=0.6243
[202/400]  Loss_D: -0.9049 Loss_G: -3.0998, Wasserstein_dist:1.2149, vae_loss_seen:343.5445 GZSL: seen=0.3853, unseen=0.4542, h=0.4169 ZSL: unseen accuracy=0.6354
[203/400]  Loss_D: -1.2012 Loss_G: -3.2844, Wasserstein_dist:1.6296, vae_loss_seen:337.3135 GZSL: seen=0.3795, unseen=0.4563, h=0.4143 ZSL: unseen accuracy=0.6368
[204/400]  Loss_D: -0.9915 Loss_G: -3.0811, Wasserstein_dist:1.3781, vae_loss_seen:332.9843 GZSL: seen=0.3822, unseen=0.4493, h=0.4130 ZSL: unseen accuracy=0.6438
[205/400]  Loss_D: -1.0404 Loss_G: -2.9835, Wasserstein_dist:1.3515, vae_loss_seen:333.7985 GZSL: seen=0.3744, unseen=0.4528, h=0.4099 ZSL: unseen accuracy=0.6389
[206/400]  Loss_D: -0.9104 Loss_G: -3.1115, Wasserstein_dist:1.2444, vae_loss_seen:330.9513 GZSL: seen=0.3829, unseen=0.4611, h=0.4184 ZSL: unseen accuracy=0.6354
[207/400]  Loss_D: -0.8958 Loss_G: -3.0052, Wasserstein_dist:1.2584, vae_loss_seen:326.2326 GZSL: seen=0.3891, unseen=0.4368, h=0.4116 ZSL: unseen accuracy=0.6326
[208/400]  Loss_D: -1.1278 Loss_G: -3.4467, Wasserstein_dist:1.5961, vae_loss_seen:343.7597 GZSL: seen=0.3500, unseen=0.5104, h=0.4153 ZSL: unseen accuracy=0.6257
[209/400]  Loss_D: -1.0665 Loss_G: -3.4540, Wasserstein_dist:1.4317, vae_loss_seen:346.5357 GZSL: seen=0.3798, unseen=0.4507, h=0.4122 ZSL: unseen accuracy=0.6340
[210/400]  Loss_D: -0.8719 Loss_G: -3.1374, Wasserstein_dist:1.2517, vae_loss_seen:335.3258 GZSL: seen=0.3829, unseen=0.4715, h=0.4226 ZSL: unseen accuracy=0.6417
[211/400]  Loss_D: -1.0427 Loss_G: -3.4361, Wasserstein_dist:1.4826, vae_loss_seen:339.7935 GZSL: seen=0.3795, unseen=0.4563, h=0.4143 ZSL: unseen accuracy=0.6361
[212/400]  Loss_D: -0.8263 Loss_G: -3.0412, Wasserstein_dist:1.1445, vae_loss_seen:332.4715 GZSL: seen=0.3853, unseen=0.4618, h=0.4201 ZSL: unseen accuracy=0.6465
[213/400]  Loss_D: -1.0451 Loss_G: -3.3657, Wasserstein_dist:1.3906, vae_loss_seen:338.2005 GZSL: seen=0.3849, unseen=0.4542, h=0.4167 ZSL: unseen accuracy=0.6292
[214/400]  Loss_D: -0.9046 Loss_G: -3.1297, Wasserstein_dist:1.2599, vae_loss_seen:343.1099 GZSL: seen=0.3915, unseen=0.4521, h=0.4196 ZSL: unseen accuracy=0.6368
[215/400]  Loss_D: -0.9735 Loss_G: -3.5745, Wasserstein_dist:1.4249, vae_loss_seen:336.7386 GZSL: seen=0.3818, unseen=0.4764, h=0.4239 ZSL: unseen accuracy=0.6424
[216/400]  Loss_D: -0.9925 Loss_G: -3.2054, Wasserstein_dist:1.3302, vae_loss_seen:354.0145 GZSL: seen=0.3891, unseen=0.4562, h=0.4200 ZSL: unseen accuracy=0.6375
[217/400]  Loss_D: -1.0230 Loss_G: -3.6104, Wasserstein_dist:1.5203, vae_loss_seen:327.0855 GZSL: seen=0.3826, unseen=0.4646, h=0.4196 ZSL: unseen accuracy=0.6382
[218/400]  Loss_D: -0.8675 Loss_G: -2.8682, Wasserstein_dist:1.1522, vae_loss_seen:343.2253 GZSL: seen=0.3860, unseen=0.4653, h=0.4220 ZSL: unseen accuracy=0.6299
[219/400]  Loss_D: -1.1068 Loss_G: -3.4103, Wasserstein_dist:1.4880, vae_loss_seen:340.0179 GZSL: seen=0.3829, unseen=0.4521, h=0.4147 ZSL: unseen accuracy=0.6375
[220/400]  Loss_D: -1.0900 Loss_G: -2.8669, Wasserstein_dist:1.4335, vae_loss_seen:334.9946 GZSL: seen=0.3814, unseen=0.4514, h=0.4135 ZSL: unseen accuracy=0.6306
[221/400]  Loss_D: -0.9533 Loss_G: -3.0210, Wasserstein_dist:1.2890, vae_loss_seen:329.8638 GZSL: seen=0.3860, unseen=0.4493, h=0.4153 ZSL: unseen accuracy=0.6299
[222/400]  Loss_D: -0.9083 Loss_G: -2.6401, Wasserstein_dist:1.2578, vae_loss_seen:350.7560 GZSL: seen=0.3779, unseen=0.4569, h=0.4137 ZSL: unseen accuracy=0.6354
[223/400]  Loss_D: -0.8745 Loss_G: -2.9927, Wasserstein_dist:1.2226, vae_loss_seen:346.7681 GZSL: seen=0.3895, unseen=0.4694, h=0.4258 ZSL: unseen accuracy=0.6368
[224/400]  Loss_D: -1.0483 Loss_G: -3.2410, Wasserstein_dist:1.3420, vae_loss_seen:339.0433 GZSL: seen=0.3903, unseen=0.4611, h=0.4228 ZSL: unseen accuracy=0.6340
[225/400]  Loss_D: -0.9429 Loss_G: -2.9702, Wasserstein_dist:1.2622, vae_loss_seen:355.5974 GZSL: seen=0.3868, unseen=0.4569, h=0.4190 ZSL: unseen accuracy=0.6382
[226/400]  Loss_D: -0.8147 Loss_G: -3.5206, Wasserstein_dist:1.2472, vae_loss_seen:337.9730 GZSL: seen=0.3806, unseen=0.4576, h=0.4156 ZSL: unseen accuracy=0.6375
[227/400]  Loss_D: -1.0372 Loss_G: -3.6871, Wasserstein_dist:1.4026, vae_loss_seen:349.0491 GZSL: seen=0.3864, unseen=0.4563, h=0.4184 ZSL: unseen accuracy=0.6451
[228/400]  Loss_D: -1.1176 Loss_G: -3.0848, Wasserstein_dist:1.4685, vae_loss_seen:340.8638 GZSL: seen=0.4078, unseen=0.4271, h=0.4172 ZSL: unseen accuracy=0.6319
[229/400]  Loss_D: -0.9764 Loss_G: -2.6582, Wasserstein_dist:1.2926, vae_loss_seen:336.7994 GZSL: seen=0.3868, unseen=0.4569, h=0.4190 ZSL: unseen accuracy=0.6340
[230/400]  Loss_D: -0.9747 Loss_G: -3.3014, Wasserstein_dist:1.3571, vae_loss_seen:332.4481 GZSL: seen=0.3791, unseen=0.4687, h=0.4192 ZSL: unseen accuracy=0.6312
[231/400]  Loss_D: -1.0840 Loss_G: -3.3260, Wasserstein_dist:1.4505, vae_loss_seen:339.5527 GZSL: seen=0.4066, unseen=0.4181, h=0.4122 ZSL: unseen accuracy=0.6389
[232/400]  Loss_D: -0.9804 Loss_G: -3.1983, Wasserstein_dist:1.3234, vae_loss_seen:340.3215 GZSL: seen=0.3876, unseen=0.4556, h=0.4188 ZSL: unseen accuracy=0.6312
[233/400]  Loss_D: -0.9485 Loss_G: -3.2684, Wasserstein_dist:1.2940, vae_loss_seen:331.0048 GZSL: seen=0.3864, unseen=0.4417, h=0.4122 ZSL: unseen accuracy=0.6292
[234/400]  Loss_D: -0.8639 Loss_G: -3.5152, Wasserstein_dist:1.2310, vae_loss_seen:337.9179 GZSL: seen=0.3837, unseen=0.4507, h=0.4145 ZSL: unseen accuracy=0.6417
[235/400]  Loss_D: -0.8744 Loss_G: -2.8172, Wasserstein_dist:1.2027, vae_loss_seen:333.6990 GZSL: seen=0.4097, unseen=0.4111, h=0.4104 ZSL: unseen accuracy=0.6347
[236/400]  Loss_D: -0.8237 Loss_G: -3.1627, Wasserstein_dist:1.1296, vae_loss_seen:330.5457 GZSL: seen=0.3895, unseen=0.4611, h=0.4223 ZSL: unseen accuracy=0.6299
[237/400]  Loss_D: -0.9813 Loss_G: -3.5341, Wasserstein_dist:1.4069, vae_loss_seen:328.9762 GZSL: seen=0.3888, unseen=0.4667, h=0.4242 ZSL: unseen accuracy=0.6375
[238/400]  Loss_D: -0.9135 Loss_G: -3.0116, Wasserstein_dist:1.2594, vae_loss_seen:330.5661 GZSL: seen=0.3527, unseen=0.5174, h=0.4195 ZSL: unseen accuracy=0.6396
[239/400]  Loss_D: -1.0111 Loss_G: -3.0458, Wasserstein_dist:1.3767, vae_loss_seen:348.1388 GZSL: seen=0.3868, unseen=0.4528, h=0.4172 ZSL: unseen accuracy=0.6361
[240/400]  Loss_D: -0.8104 Loss_G: -3.5321, Wasserstein_dist:1.1651, vae_loss_seen:358.4926 GZSL: seen=0.4136, unseen=0.4174, h=0.4155 ZSL: unseen accuracy=0.6424
[241/400]  Loss_D: -0.9233 Loss_G: -3.6579, Wasserstein_dist:1.2941, vae_loss_seen:334.3789 GZSL: seen=0.3888, unseen=0.4500, h=0.4171 ZSL: unseen accuracy=0.6347
[242/400]  Loss_D: -0.9531 Loss_G: -3.3311, Wasserstein_dist:1.3107, vae_loss_seen:339.2357 GZSL: seen=0.3922, unseen=0.4472, h=0.4179 ZSL: unseen accuracy=0.6354
[243/400]  Loss_D: -0.8521 Loss_G: -3.0687, Wasserstein_dist:1.1544, vae_loss_seen:341.9968 GZSL: seen=0.3857, unseen=0.4625, h=0.4206 ZSL: unseen accuracy=0.6292
[244/400]  Loss_D: -0.9360 Loss_G: -3.1815, Wasserstein_dist:1.3205, vae_loss_seen:333.7490 GZSL: seen=0.3539, unseen=0.5111, h=0.4182 ZSL: unseen accuracy=0.6257
[245/400]  Loss_D: -0.8885 Loss_G: -3.2245, Wasserstein_dist:1.2394, vae_loss_seen:327.5487 GZSL: seen=0.3849, unseen=0.4556, h=0.4172 ZSL: unseen accuracy=0.6306
[246/400]  Loss_D: -0.9659 Loss_G: -3.1762, Wasserstein_dist:1.2841, vae_loss_seen:338.7883 GZSL: seen=0.3872, unseen=0.4590, h=0.4201 ZSL: unseen accuracy=0.6278
[247/400]  Loss_D: -0.9604 Loss_G: -3.0650, Wasserstein_dist:1.2767, vae_loss_seen:349.4019 GZSL: seen=0.3895, unseen=0.4660, h=0.4243 ZSL: unseen accuracy=0.6319
[248/400]  Loss_D: -0.9469 Loss_G: -3.2014, Wasserstein_dist:1.2636, vae_loss_seen:319.6012 GZSL: seen=0.3884, unseen=0.4674, h=0.4242 ZSL: unseen accuracy=0.6264
[249/400]  Loss_D: -1.0076 Loss_G: -2.7019, Wasserstein_dist:1.2616, vae_loss_seen:338.7342 GZSL: seen=0.3806, unseen=0.4618, h=0.4173 ZSL: unseen accuracy=0.6361
[250/400]  Loss_D: -0.9368 Loss_G: -3.2682, Wasserstein_dist:1.2754, vae_loss_seen:337.4680 GZSL: seen=0.3872, unseen=0.4556, h=0.4186 ZSL: unseen accuracy=0.6319
[251/400]  Loss_D: -0.8757 Loss_G: -3.2969, Wasserstein_dist:1.2034, vae_loss_seen:339.7025 GZSL: seen=0.3853, unseen=0.4569, h=0.4181 ZSL: unseen accuracy=0.6396
[252/400]  Loss_D: -0.9844 Loss_G: -3.3582, Wasserstein_dist:1.3303, vae_loss_seen:344.9509 GZSL: seen=0.3899, unseen=0.4465, h=0.4163 ZSL: unseen accuracy=0.6278
[253/400]  Loss_D: -0.6606 Loss_G: -3.6070, Wasserstein_dist:1.0359, vae_loss_seen:335.1117 GZSL: seen=0.3810, unseen=0.4632, h=0.4181 ZSL: unseen accuracy=0.6326
[254/400]  Loss_D: -1.0053 Loss_G: -2.8115, Wasserstein_dist:1.3158, vae_loss_seen:346.9287 GZSL: seen=0.3876, unseen=0.4465, h=0.4150 ZSL: unseen accuracy=0.6375
[255/400]  Loss_D: -0.9205 Loss_G: -3.0014, Wasserstein_dist:1.1987, vae_loss_seen:336.1506 GZSL: seen=0.3845, unseen=0.4653, h=0.4210 ZSL: unseen accuracy=0.6410
[256/400]  Loss_D: -0.9064 Loss_G: -3.2731, Wasserstein_dist:1.2392, vae_loss_seen:349.1624 GZSL: seen=0.3888, unseen=0.4542, h=0.4189 ZSL: unseen accuracy=0.6306
[257/400]  Loss_D: -1.1139 Loss_G: -3.5042, Wasserstein_dist:1.4524, vae_loss_seen:334.5626 GZSL: seen=0.3911, unseen=0.4514, h=0.4191 ZSL: unseen accuracy=0.6271
[258/400]  Loss_D: -0.8672 Loss_G: -3.4810, Wasserstein_dist:1.2040, vae_loss_seen:327.1019 GZSL: seen=0.3795, unseen=0.4507, h=0.4120 ZSL: unseen accuracy=0.6285
[259/400]  Loss_D: -0.9389 Loss_G: -3.4687, Wasserstein_dist:1.2628, vae_loss_seen:336.1110 GZSL: seen=0.3849, unseen=0.4333, h=0.4077 ZSL: unseen accuracy=0.6319
[260/400]  Loss_D: -0.9870 Loss_G: -3.4520, Wasserstein_dist:1.3838, vae_loss_seen:320.9720 GZSL: seen=0.3876, unseen=0.4451, h=0.4144 ZSL: unseen accuracy=0.6368
[261/400]  Loss_D: -0.8361 Loss_G: -3.3546, Wasserstein_dist:1.2148, vae_loss_seen:344.9458 GZSL: seen=0.3884, unseen=0.4660, h=0.4236 ZSL: unseen accuracy=0.6354
[262/400]  Loss_D: -0.9018 Loss_G: -2.9063, Wasserstein_dist:1.2206, vae_loss_seen:334.5759 GZSL: seen=0.3903, unseen=0.4521, h=0.4189 ZSL: unseen accuracy=0.6340
[263/400]  Loss_D: -0.8881 Loss_G: -2.9977, Wasserstein_dist:1.1875, vae_loss_seen:329.1147 GZSL: seen=0.3853, unseen=0.4472, h=0.4139 ZSL: unseen accuracy=0.6264
[264/400]  Loss_D: -0.8233 Loss_G: -3.2813, Wasserstein_dist:1.1175, vae_loss_seen:335.4172 GZSL: seen=0.3570, unseen=0.4972, h=0.4156 ZSL: unseen accuracy=0.6326
[265/400]  Loss_D: -1.0291 Loss_G: -3.6786, Wasserstein_dist:1.3869, vae_loss_seen:353.2333 GZSL: seen=0.3519, unseen=0.5049, h=0.4148 ZSL: unseen accuracy=0.6319
[266/400]  Loss_D: -0.7885 Loss_G: -3.2789, Wasserstein_dist:1.1017, vae_loss_seen:326.1537 GZSL: seen=0.3605, unseen=0.4937, h=0.4167 ZSL: unseen accuracy=0.6437
[267/400]  Loss_D: -0.7346 Loss_G: -3.1151, Wasserstein_dist:1.0257, vae_loss_seen:347.4665 GZSL: seen=0.3926, unseen=0.4444, h=0.4169 ZSL: unseen accuracy=0.6313
[268/400]  Loss_D: -0.7337 Loss_G: -3.0918, Wasserstein_dist:1.0607, vae_loss_seen:341.6211 GZSL: seen=0.3903, unseen=0.4604, h=0.4225 ZSL: unseen accuracy=0.6396
[269/400]  Loss_D: -0.9781 Loss_G: -3.5989, Wasserstein_dist:1.3005, vae_loss_seen:345.2485 GZSL: seen=0.3822, unseen=0.4611, h=0.4179 ZSL: unseen accuracy=0.6458
[270/400]  Loss_D: -0.9103 Loss_G: -3.7839, Wasserstein_dist:1.2398, vae_loss_seen:338.2524 GZSL: seen=0.3884, unseen=0.4514, h=0.4175 ZSL: unseen accuracy=0.6361
[271/400]  Loss_D: -1.0745 Loss_G: -3.2806, Wasserstein_dist:1.4390, vae_loss_seen:319.0212 GZSL: seen=0.3907, unseen=0.4299, h=0.4093 ZSL: unseen accuracy=0.6299
[272/400]  Loss_D: -0.8972 Loss_G: -3.5932, Wasserstein_dist:1.2823, vae_loss_seen:353.7813 GZSL: seen=0.3837, unseen=0.4528, h=0.4154 ZSL: unseen accuracy=0.6319
[273/400]  Loss_D: -0.7476 Loss_G: -3.3977, Wasserstein_dist:1.0662, vae_loss_seen:336.4509 GZSL: seen=0.3822, unseen=0.4479, h=0.4124 ZSL: unseen accuracy=0.6319
[274/400]  Loss_D: -0.9525 Loss_G: -3.3893, Wasserstein_dist:1.2910, vae_loss_seen:330.5484 GZSL: seen=0.3484, unseen=0.4979, h=0.4100 ZSL: unseen accuracy=0.6347
[275/400]  Loss_D: -0.8998 Loss_G: -3.4954, Wasserstein_dist:1.2505, vae_loss_seen:338.9273 GZSL: seen=0.3919, unseen=0.4500, h=0.4189 ZSL: unseen accuracy=0.6299
[276/400]  Loss_D: -0.8020 Loss_G: -3.4910, Wasserstein_dist:1.1422, vae_loss_seen:329.7372 GZSL: seen=0.3915, unseen=0.4500, h=0.4187 ZSL: unseen accuracy=0.6271
[277/400]  Loss_D: -0.7479 Loss_G: -2.7640, Wasserstein_dist:1.0283, vae_loss_seen:317.4173 GZSL: seen=0.3860, unseen=0.4437, h=0.4129 ZSL: unseen accuracy=0.6389
[278/400]  Loss_D: -0.8089 Loss_G: -3.4089, Wasserstein_dist:1.1105, vae_loss_seen:341.4882 GZSL: seen=0.3930, unseen=0.4632, h=0.4252 ZSL: unseen accuracy=0.6285
[279/400]  Loss_D: -0.8101 Loss_G: -3.1226, Wasserstein_dist:1.0792, vae_loss_seen:334.7397 GZSL: seen=0.3907, unseen=0.4472, h=0.4171 ZSL: unseen accuracy=0.6250
[280/400]  Loss_D: -0.7972 Loss_G: -3.1824, Wasserstein_dist:1.0784, vae_loss_seen:336.7016 GZSL: seen=0.4081, unseen=0.4257, h=0.4167 ZSL: unseen accuracy=0.6340
[281/400]  Loss_D: -0.8154 Loss_G: -3.6203, Wasserstein_dist:1.1578, vae_loss_seen:336.2713 GZSL: seen=0.3957, unseen=0.4417, h=0.4174 ZSL: unseen accuracy=0.6326
[282/400]  Loss_D: -0.9241 Loss_G: -3.3426, Wasserstein_dist:1.2420, vae_loss_seen:327.0679 GZSL: seen=0.3961, unseen=0.4569, h=0.4244 ZSL: unseen accuracy=0.6431
[283/400]  Loss_D: -0.8691 Loss_G: -2.8694, Wasserstein_dist:1.1308, vae_loss_seen:343.6790 GZSL: seen=0.3519, unseen=0.5167, h=0.4187 ZSL: unseen accuracy=0.6444
[284/400]  Loss_D: -0.8783 Loss_G: -3.2150, Wasserstein_dist:1.2052, vae_loss_seen:337.1512 GZSL: seen=0.3899, unseen=0.4347, h=0.4111 ZSL: unseen accuracy=0.6340
[285/400]  Loss_D: -0.7289 Loss_G: -3.3546, Wasserstein_dist:1.0149, vae_loss_seen:340.0273 GZSL: seen=0.3895, unseen=0.4410, h=0.4137 ZSL: unseen accuracy=0.6313
[286/400]  Loss_D: -0.8957 Loss_G: -3.6775, Wasserstein_dist:1.2207, vae_loss_seen:350.1004 GZSL: seen=0.3543, unseen=0.4951, h=0.4130 ZSL: unseen accuracy=0.6250
[287/400]  Loss_D: -0.8559 Loss_G: -3.4638, Wasserstein_dist:1.1828, vae_loss_seen:345.2509 GZSL: seen=0.4229, unseen=0.4271, h=0.4250 ZSL: unseen accuracy=0.6368
[288/400]  Loss_D: -0.8353 Loss_G: -3.5404, Wasserstein_dist:1.1392, vae_loss_seen:343.3634 GZSL: seen=0.4101, unseen=0.4083, h=0.4092 ZSL: unseen accuracy=0.6333
[289/400]  Loss_D: -0.9503 Loss_G: -3.3965, Wasserstein_dist:1.3096, vae_loss_seen:351.7227 GZSL: seen=0.3899, unseen=0.4562, h=0.4205 ZSL: unseen accuracy=0.6431
[290/400]  Loss_D: -0.8362 Loss_G: -3.2163, Wasserstein_dist:1.1464, vae_loss_seen:337.8940 GZSL: seen=0.3957, unseen=0.4521, h=0.4220 ZSL: unseen accuracy=0.6333
[291/400]  Loss_D: -0.8204 Loss_G: -3.5584, Wasserstein_dist:1.1816, vae_loss_seen:351.1198 GZSL: seen=0.3860, unseen=0.4632, h=0.4211 ZSL: unseen accuracy=0.6306
[292/400]  Loss_D: -0.8543 Loss_G: -2.9395, Wasserstein_dist:1.1360, vae_loss_seen:333.5020 GZSL: seen=0.3857, unseen=0.4556, h=0.4177 ZSL: unseen accuracy=0.6361
[293/400]  Loss_D: -0.7837 Loss_G: -3.3216, Wasserstein_dist:1.1050, vae_loss_seen:348.7960 GZSL: seen=0.4109, unseen=0.4139, h=0.4124 ZSL: unseen accuracy=0.6319
[294/400]  Loss_D: -0.8843 Loss_G: -3.2345, Wasserstein_dist:1.1629, vae_loss_seen:339.8152 GZSL: seen=0.3899, unseen=0.4431, h=0.4148 ZSL: unseen accuracy=0.6194
[295/400]  Loss_D: -0.6487 Loss_G: -3.0122, Wasserstein_dist:0.9130, vae_loss_seen:339.7358 GZSL: seen=0.3891, unseen=0.4618, h=0.4224 ZSL: unseen accuracy=0.6333
[296/400]  Loss_D: -0.8582 Loss_G: -3.3209, Wasserstein_dist:1.1790, vae_loss_seen:341.5955 GZSL: seen=0.3922, unseen=0.4542, h=0.4209 ZSL: unseen accuracy=0.6264
[297/400]  Loss_D: -0.9738 Loss_G: -3.6711, Wasserstein_dist:1.2830, vae_loss_seen:355.9573 GZSL: seen=0.3891, unseen=0.4583, h=0.4209 ZSL: unseen accuracy=0.6361
[298/400]  Loss_D: -0.6927 Loss_G: -3.3028, Wasserstein_dist:0.9984, vae_loss_seen:333.7662 GZSL: seen=0.3895, unseen=0.4500, h=0.4176 ZSL: unseen accuracy=0.6354
[299/400]  Loss_D: -0.9368 Loss_G: -3.2959, Wasserstein_dist:1.2353, vae_loss_seen:343.1478 GZSL: seen=0.3899, unseen=0.4479, h=0.4169 ZSL: unseen accuracy=0.6312
[300/400]  Loss_D: -0.9606 Loss_G: -3.4785, Wasserstein_dist:1.2920, vae_loss_seen:327.5754 GZSL: seen=0.4186, unseen=0.4215, h=0.4201 ZSL: unseen accuracy=0.6236
[301/400]  Loss_D: -0.8600 Loss_G: -3.7048, Wasserstein_dist:1.2203, vae_loss_seen:335.0935 GZSL: seen=0.3868, unseen=0.4444, h=0.4136 ZSL: unseen accuracy=0.6215
[302/400]  Loss_D: -1.0570 Loss_G: -3.3146, Wasserstein_dist:1.3489, vae_loss_seen:343.1556 GZSL: seen=0.3942, unseen=0.4403, h=0.4160 ZSL: unseen accuracy=0.6326
[303/400]  Loss_D: -0.9452 Loss_G: -4.1617, Wasserstein_dist:1.3431, vae_loss_seen:343.7262 GZSL: seen=0.3841, unseen=0.4535, h=0.4159 ZSL: unseen accuracy=0.6396
[304/400]  Loss_D: -0.7956 Loss_G: -3.8767, Wasserstein_dist:1.1811, vae_loss_seen:340.3835 GZSL: seen=0.3876, unseen=0.4507, h=0.4168 ZSL: unseen accuracy=0.6292
[305/400]  Loss_D: -0.7963 Loss_G: -3.0788, Wasserstein_dist:1.0990, vae_loss_seen:341.0877 GZSL: seen=0.3895, unseen=0.4479, h=0.4167 ZSL: unseen accuracy=0.6361
[306/400]  Loss_D: -0.8016 Loss_G: -3.2393, Wasserstein_dist:1.0697, vae_loss_seen:314.1860 GZSL: seen=0.3903, unseen=0.4611, h=0.4228 ZSL: unseen accuracy=0.6403
[307/400]  Loss_D: -0.9295 Loss_G: -3.5017, Wasserstein_dist:1.2479, vae_loss_seen:349.7587 GZSL: seen=0.3891, unseen=0.4507, h=0.4177 ZSL: unseen accuracy=0.6340
[308/400]  Loss_D: -0.8385 Loss_G: -3.1805, Wasserstein_dist:1.1442, vae_loss_seen:331.2332 GZSL: seen=0.3903, unseen=0.4528, h=0.4192 ZSL: unseen accuracy=0.6354
[309/400]  Loss_D: -0.8991 Loss_G: -3.3317, Wasserstein_dist:1.1923, vae_loss_seen:342.0758 GZSL: seen=0.4112, unseen=0.4201, h=0.4156 ZSL: unseen accuracy=0.6292
[310/400]  Loss_D: -0.7955 Loss_G: -3.2102, Wasserstein_dist:1.0786, vae_loss_seen:328.9266 GZSL: seen=0.3911, unseen=0.4569, h=0.4215 ZSL: unseen accuracy=0.6389
[311/400]  Loss_D: -0.8546 Loss_G: -3.3611, Wasserstein_dist:1.1778, vae_loss_seen:321.0058 GZSL: seen=0.3876, unseen=0.4521, h=0.4174 ZSL: unseen accuracy=0.6361
[312/400]  Loss_D: -0.9241 Loss_G: -3.4944, Wasserstein_dist:1.2485, vae_loss_seen:340.6809 GZSL: seen=0.3860, unseen=0.4403, h=0.4114 ZSL: unseen accuracy=0.6257
[313/400]  Loss_D: -0.9375 Loss_G: -3.5377, Wasserstein_dist:1.2791, vae_loss_seen:330.2034 GZSL: seen=0.3841, unseen=0.4611, h=0.4191 ZSL: unseen accuracy=0.6236
[314/400]  Loss_D: -0.7879 Loss_G: -3.7266, Wasserstein_dist:1.1056, vae_loss_seen:329.7465 GZSL: seen=0.3876, unseen=0.4576, h=0.4197 ZSL: unseen accuracy=0.6340
[315/400]  Loss_D: -1.0308 Loss_G: -3.7162, Wasserstein_dist:1.3477, vae_loss_seen:342.8932 GZSL: seen=0.3922, unseen=0.4514, h=0.4197 ZSL: unseen accuracy=0.6271
[316/400]  Loss_D: -0.8303 Loss_G: -3.1993, Wasserstein_dist:1.0953, vae_loss_seen:321.7579 GZSL: seen=0.3911, unseen=0.4458, h=0.4167 ZSL: unseen accuracy=0.6243
[317/400]  Loss_D: -0.9493 Loss_G: -3.7812, Wasserstein_dist:1.3160, vae_loss_seen:338.7767 GZSL: seen=0.3938, unseen=0.4472, h=0.4188 ZSL: unseen accuracy=0.6250
[318/400]  Loss_D: -0.9930 Loss_G: -3.6181, Wasserstein_dist:1.3447, vae_loss_seen:338.4474 GZSL: seen=0.3880, unseen=0.4375, h=0.4113 ZSL: unseen accuracy=0.6299
[319/400]  Loss_D: -0.8466 Loss_G: -3.6773, Wasserstein_dist:1.2062, vae_loss_seen:331.8320 GZSL: seen=0.3880, unseen=0.4375, h=0.4113 ZSL: unseen accuracy=0.6326
[320/400]  Loss_D: -0.8218 Loss_G: -2.9714, Wasserstein_dist:1.1178, vae_loss_seen:320.5107 GZSL: seen=0.3957, unseen=0.4396, h=0.4165 ZSL: unseen accuracy=0.6264
[321/400]  Loss_D: -0.8772 Loss_G: -3.8360, Wasserstein_dist:1.1944, vae_loss_seen:348.9325 GZSL: seen=0.3884, unseen=0.4354, h=0.4106 ZSL: unseen accuracy=0.6243
[322/400]  Loss_D: -0.8369 Loss_G: -3.1434, Wasserstein_dist:1.0960, vae_loss_seen:336.4969 GZSL: seen=0.3818, unseen=0.4569, h=0.4160 ZSL: unseen accuracy=0.6306
[323/400]  Loss_D: -0.9685 Loss_G: -3.8727, Wasserstein_dist:1.3022, vae_loss_seen:335.2114 GZSL: seen=0.3911, unseen=0.4444, h=0.4161 ZSL: unseen accuracy=0.6347
[324/400]  Loss_D: -0.8147 Loss_G: -3.7695, Wasserstein_dist:1.1975, vae_loss_seen:327.7682 GZSL: seen=0.3926, unseen=0.4403, h=0.4151 ZSL: unseen accuracy=0.6264
[325/400]  Loss_D: -0.7522 Loss_G: -3.5091, Wasserstein_dist:1.0593, vae_loss_seen:337.2523 GZSL: seen=0.3911, unseen=0.4535, h=0.4200 ZSL: unseen accuracy=0.6271
[326/400]  Loss_D: -0.8338 Loss_G: -3.6246, Wasserstein_dist:1.1508, vae_loss_seen:332.1143 GZSL: seen=0.3891, unseen=0.4493, h=0.4171 ZSL: unseen accuracy=0.6333
[327/400]  Loss_D: -0.7246 Loss_G: -3.2775, Wasserstein_dist:1.0354, vae_loss_seen:330.3872 GZSL: seen=0.3919, unseen=0.4486, h=0.4183 ZSL: unseen accuracy=0.6257
[328/400]  Loss_D: -0.6922 Loss_G: -3.5410, Wasserstein_dist:0.9662, vae_loss_seen:336.5669 GZSL: seen=0.3961, unseen=0.4403, h=0.4170 ZSL: unseen accuracy=0.6368
[329/400]  Loss_D: -0.8093 Loss_G: -3.6196, Wasserstein_dist:1.1802, vae_loss_seen:326.1515 GZSL: seen=0.3915, unseen=0.4576, h=0.4220 ZSL: unseen accuracy=0.6410
[330/400]  Loss_D: -0.8156 Loss_G: -3.3073, Wasserstein_dist:1.0969, vae_loss_seen:334.3929 GZSL: seen=0.3853, unseen=0.4590, h=0.4189 ZSL: unseen accuracy=0.6347
[331/400]  Loss_D: -0.8561 Loss_G: -3.3009, Wasserstein_dist:1.1219, vae_loss_seen:315.6722 GZSL: seen=0.3895, unseen=0.4479, h=0.4167 ZSL: unseen accuracy=0.6361
[332/400]  Loss_D: -0.8084 Loss_G: -3.3740, Wasserstein_dist:1.0695, vae_loss_seen:335.5027 GZSL: seen=0.3911, unseen=0.4451, h=0.4164 ZSL: unseen accuracy=0.6292
[333/400]  Loss_D: -0.7614 Loss_G: -3.3975, Wasserstein_dist:1.0963, vae_loss_seen:336.0437 GZSL: seen=0.3574, unseen=0.4903, h=0.4134 ZSL: unseen accuracy=0.6424
[334/400]  Loss_D: -0.8103 Loss_G: -3.2327, Wasserstein_dist:1.1164, vae_loss_seen:339.7629 GZSL: seen=0.3942, unseen=0.4410, h=0.4163 ZSL: unseen accuracy=0.6312
[335/400]  Loss_D: -0.8480 Loss_G: -3.4820, Wasserstein_dist:1.1341, vae_loss_seen:328.5225 GZSL: seen=0.3826, unseen=0.4757, h=0.4241 ZSL: unseen accuracy=0.6299
[336/400]  Loss_D: -0.9422 Loss_G: -3.6626, Wasserstein_dist:1.2933, vae_loss_seen:332.6926 GZSL: seen=0.3984, unseen=0.4472, h=0.4214 ZSL: unseen accuracy=0.6438
[337/400]  Loss_D: -0.8628 Loss_G: -3.4313, Wasserstein_dist:1.1754, vae_loss_seen:329.2775 GZSL: seen=0.3907, unseen=0.4486, h=0.4177 ZSL: unseen accuracy=0.6368
[338/400]  Loss_D: -1.0078 Loss_G: -4.0392, Wasserstein_dist:1.3642, vae_loss_seen:337.1788 GZSL: seen=0.4190, unseen=0.4104, h=0.4147 ZSL: unseen accuracy=0.6326
[339/400]  Loss_D: -0.8643 Loss_G: -3.0953, Wasserstein_dist:1.1580, vae_loss_seen:319.4702 GZSL: seen=0.3868, unseen=0.4528, h=0.4172 ZSL: unseen accuracy=0.6236
[340/400]  Loss_D: -0.7671 Loss_G: -3.3665, Wasserstein_dist:1.0222, vae_loss_seen:333.0959 GZSL: seen=0.3891, unseen=0.4451, h=0.4153 ZSL: unseen accuracy=0.6250
[341/400]  Loss_D: -0.8660 Loss_G: -3.1514, Wasserstein_dist:1.1571, vae_loss_seen:321.1821 GZSL: seen=0.3899, unseen=0.4563, h=0.4205 ZSL: unseen accuracy=0.6250
[342/400]  Loss_D: -0.7828 Loss_G: -3.4265, Wasserstein_dist:1.0545, vae_loss_seen:323.3535 GZSL: seen=0.3597, unseen=0.4806, h=0.4114 ZSL: unseen accuracy=0.6299
[343/400]  Loss_D: -0.8655 Loss_G: -3.0881, Wasserstein_dist:1.0959, vae_loss_seen:326.3647 GZSL: seen=0.3826, unseen=0.4507, h=0.4138 ZSL: unseen accuracy=0.6312
[344/400]  Loss_D: -0.6739 Loss_G: -2.9075, Wasserstein_dist:0.9116, vae_loss_seen:335.1513 GZSL: seen=0.3938, unseen=0.4417, h=0.4164 ZSL: unseen accuracy=0.6306
[345/400]  Loss_D: -0.8481 Loss_G: -3.1506, Wasserstein_dist:1.1337, vae_loss_seen:344.6698 GZSL: seen=0.3864, unseen=0.4361, h=0.4098 ZSL: unseen accuracy=0.6340
[346/400]  Loss_D: -0.7327 Loss_G: -2.8538, Wasserstein_dist:0.9707, vae_loss_seen:335.5455 GZSL: seen=0.3589, unseen=0.5035, h=0.4191 ZSL: unseen accuracy=0.6285
[347/400]  Loss_D: -0.8775 Loss_G: -3.7738, Wasserstein_dist:1.1886, vae_loss_seen:353.7848 GZSL: seen=0.3919, unseen=0.4549, h=0.4210 ZSL: unseen accuracy=0.6243
[348/400]  Loss_D: -0.8788 Loss_G: -2.8742, Wasserstein_dist:1.1185, vae_loss_seen:332.0408 GZSL: seen=0.3876, unseen=0.4521, h=0.4174 ZSL: unseen accuracy=0.6278
[349/400]  Loss_D: -0.8831 Loss_G: -3.5015, Wasserstein_dist:1.1471, vae_loss_seen:344.3998 GZSL: seen=0.3864, unseen=0.4646, h=0.4219 ZSL: unseen accuracy=0.6368
[350/400]  Loss_D: -0.9912 Loss_G: -3.6500, Wasserstein_dist:1.3206, vae_loss_seen:336.1388 GZSL: seen=0.3926, unseen=0.4438, h=0.4166 ZSL: unseen accuracy=0.6285
[351/400]  Loss_D: -0.8752 Loss_G: -3.1750, Wasserstein_dist:1.1535, vae_loss_seen:342.1016 GZSL: seen=0.3934, unseen=0.4347, h=0.4130 ZSL: unseen accuracy=0.6299
[352/400]  Loss_D: -0.8677 Loss_G: -4.1581, Wasserstein_dist:1.2252, vae_loss_seen:347.4048 GZSL: seen=0.3942, unseen=0.4451, h=0.4181 ZSL: unseen accuracy=0.6181
[353/400]  Loss_D: -0.8104 Loss_G: -3.4296, Wasserstein_dist:1.1250, vae_loss_seen:324.0319 GZSL: seen=0.3915, unseen=0.4458, h=0.4169 ZSL: unseen accuracy=0.6299
[354/400]  Loss_D: -1.0077 Loss_G: -3.5293, Wasserstein_dist:1.3456, vae_loss_seen:340.6712 GZSL: seen=0.4167, unseen=0.4188, h=0.4177 ZSL: unseen accuracy=0.6424
[355/400]  Loss_D: -1.0409 Loss_G: -3.3447, Wasserstein_dist:1.3745, vae_loss_seen:337.7245 GZSL: seen=0.3930, unseen=0.4319, h=0.4116 ZSL: unseen accuracy=0.6361
[356/400]  Loss_D: -0.9266 Loss_G: -3.8715, Wasserstein_dist:1.2517, vae_loss_seen:325.2354 GZSL: seen=0.3895, unseen=0.4549, h=0.4197 ZSL: unseen accuracy=0.6285
[357/400]  Loss_D: -0.8075 Loss_G: -3.3647, Wasserstein_dist:1.0765, vae_loss_seen:324.8453 GZSL: seen=0.3628, unseen=0.4910, h=0.4173 ZSL: unseen accuracy=0.6410
[358/400]  Loss_D: -1.0065 Loss_G: -3.7063, Wasserstein_dist:1.3412, vae_loss_seen:333.9121 GZSL: seen=0.3543, unseen=0.5083, h=0.4175 ZSL: unseen accuracy=0.6375
[359/400]  Loss_D: -1.0041 Loss_G: -3.1133, Wasserstein_dist:1.2530, vae_loss_seen:333.2624 GZSL: seen=0.3609, unseen=0.5000, h=0.4192 ZSL: unseen accuracy=0.6389
[360/400]  Loss_D: -0.9231 Loss_G: -4.0172, Wasserstein_dist:1.2000, vae_loss_seen:340.0924 GZSL: seen=0.3934, unseen=0.4458, h=0.4180 ZSL: unseen accuracy=0.6361
[361/400]  Loss_D: -0.7311 Loss_G: -3.5742, Wasserstein_dist:1.0425, vae_loss_seen:339.8136 GZSL: seen=0.3833, unseen=0.4590, h=0.4178 ZSL: unseen accuracy=0.6271
[362/400]  Loss_D: -0.8228 Loss_G: -3.4376, Wasserstein_dist:1.0935, vae_loss_seen:346.2473 GZSL: seen=0.3899, unseen=0.4431, h=0.4148 ZSL: unseen accuracy=0.6278
[363/400]  Loss_D: -0.8480 Loss_G: -3.6930, Wasserstein_dist:1.2050, vae_loss_seen:332.9402 GZSL: seen=0.4023, unseen=0.4312, h=0.4163 ZSL: unseen accuracy=0.6194
[364/400]  Loss_D: -0.9159 Loss_G: -3.8261, Wasserstein_dist:1.2752, vae_loss_seen:349.7362 GZSL: seen=0.3531, unseen=0.5049, h=0.4156 ZSL: unseen accuracy=0.6229
[365/400]  Loss_D: -0.8543 Loss_G: -3.8487, Wasserstein_dist:1.1613, vae_loss_seen:337.6682 GZSL: seen=0.3876, unseen=0.4556, h=0.4188 ZSL: unseen accuracy=0.6299
[366/400]  Loss_D: -0.7081 Loss_G: -3.2744, Wasserstein_dist:0.9884, vae_loss_seen:331.8099 GZSL: seen=0.3891, unseen=0.4486, h=0.4168 ZSL: unseen accuracy=0.6243
[367/400]  Loss_D: -0.7083 Loss_G: -3.4812, Wasserstein_dist:0.9808, vae_loss_seen:334.6695 GZSL: seen=0.3922, unseen=0.4368, h=0.4133 ZSL: unseen accuracy=0.6236
[368/400]  Loss_D: -0.9624 Loss_G: -3.3014, Wasserstein_dist:1.2571, vae_loss_seen:334.1214 GZSL: seen=0.3884, unseen=0.4479, h=0.4160 ZSL: unseen accuracy=0.6354
[369/400]  Loss_D: -0.6737 Loss_G: -3.9331, Wasserstein_dist:0.9747, vae_loss_seen:333.0592 GZSL: seen=0.3554, unseen=0.5007, h=0.4157 ZSL: unseen accuracy=0.6340
[370/400]  Loss_D: -0.7722 Loss_G: -3.3050, Wasserstein_dist:1.0580, vae_loss_seen:327.0711 GZSL: seen=0.3884, unseen=0.4451, h=0.4148 ZSL: unseen accuracy=0.6250
[371/400]  Loss_D: -0.8055 Loss_G: -3.8681, Wasserstein_dist:1.1236, vae_loss_seen:343.3041 GZSL: seen=0.3884, unseen=0.4528, h=0.4181 ZSL: unseen accuracy=0.6306
[372/400]  Loss_D: -0.8982 Loss_G: -3.5069, Wasserstein_dist:1.1854, vae_loss_seen:343.5062 GZSL: seen=0.3628, unseen=0.4903, h=0.4170 ZSL: unseen accuracy=0.6361
[373/400]  Loss_D: -0.7540 Loss_G: -3.0644, Wasserstein_dist:0.9917, vae_loss_seen:325.8239 GZSL: seen=0.3849, unseen=0.4549, h=0.4170 ZSL: unseen accuracy=0.6292
[374/400]  Loss_D: -0.7156 Loss_G: -3.1540, Wasserstein_dist:0.9764, vae_loss_seen:337.1648 GZSL: seen=0.3888, unseen=0.4444, h=0.4147 ZSL: unseen accuracy=0.6236
[375/400]  Loss_D: -0.7719 Loss_G: -3.3008, Wasserstein_dist:1.1130, vae_loss_seen:340.8523 GZSL: seen=0.3837, unseen=0.4465, h=0.4127 ZSL: unseen accuracy=0.6354
[376/400]  Loss_D: -0.7422 Loss_G: -3.7924, Wasserstein_dist:1.0053, vae_loss_seen:346.8312 GZSL: seen=0.3826, unseen=0.4542, h=0.4153 ZSL: unseen accuracy=0.6257
[377/400]  Loss_D: -0.8891 Loss_G: -3.3381, Wasserstein_dist:1.1821, vae_loss_seen:335.9172 GZSL: seen=0.3888, unseen=0.4472, h=0.4159 ZSL: unseen accuracy=0.6271
[378/400]  Loss_D: -0.6579 Loss_G: -3.5111, Wasserstein_dist:0.9232, vae_loss_seen:346.4335 GZSL: seen=0.3919, unseen=0.4389, h=0.4140 ZSL: unseen accuracy=0.6285
[379/400]  Loss_D: -0.7974 Loss_G: -3.5461, Wasserstein_dist:1.0681, vae_loss_seen:336.3450 GZSL: seen=0.3891, unseen=0.4597, h=0.4215 ZSL: unseen accuracy=0.6354
[380/400]  Loss_D: -0.8039 Loss_G: -3.6466, Wasserstein_dist:1.1234, vae_loss_seen:329.1434 GZSL: seen=0.3907, unseen=0.4528, h=0.4195 ZSL: unseen accuracy=0.6285
[381/400]  Loss_D: -0.7406 Loss_G: -3.4681, Wasserstein_dist:1.0480, vae_loss_seen:329.2831 GZSL: seen=0.3841, unseen=0.4528, h=0.4156 ZSL: unseen accuracy=0.6257
[382/400]  Loss_D: -0.5639 Loss_G: -2.9508, Wasserstein_dist:0.8260, vae_loss_seen:322.7555 GZSL: seen=0.3864, unseen=0.4542, h=0.4176 ZSL: unseen accuracy=0.6299
[383/400]  Loss_D: -0.6133 Loss_G: -3.1699, Wasserstein_dist:0.8462, vae_loss_seen:334.3203 GZSL: seen=0.3891, unseen=0.4611, h=0.4221 ZSL: unseen accuracy=0.6319
[384/400]  Loss_D: -0.8081 Loss_G: -3.4517, Wasserstein_dist:1.0875, vae_loss_seen:345.2811 GZSL: seen=0.3795, unseen=0.4451, h=0.4097 ZSL: unseen accuracy=0.6250
[385/400]  Loss_D: -0.7808 Loss_G: -3.0886, Wasserstein_dist:1.0468, vae_loss_seen:353.0072 GZSL: seen=0.3926, unseen=0.4563, h=0.4221 ZSL: unseen accuracy=0.6250
[386/400]  Loss_D: -0.8255 Loss_G: -3.0879, Wasserstein_dist:1.0849, vae_loss_seen:333.2500 GZSL: seen=0.3934, unseen=0.4493, h=0.4195 ZSL: unseen accuracy=0.6208
[387/400]  Loss_D: -0.9136 Loss_G: -3.6328, Wasserstein_dist:1.2692, vae_loss_seen:339.8593 GZSL: seen=0.3647, unseen=0.4868, h=0.4170 ZSL: unseen accuracy=0.6375
[388/400]  Loss_D: -0.8243 Loss_G: -3.6794, Wasserstein_dist:1.1338, vae_loss_seen:336.9838 GZSL: seen=0.3891, unseen=0.4340, h=0.4104 ZSL: unseen accuracy=0.6278
[389/400]  Loss_D: -0.8829 Loss_G: -3.5404, Wasserstein_dist:1.1538, vae_loss_seen:358.8321 GZSL: seen=0.4217, unseen=0.3993, h=0.4102 ZSL: unseen accuracy=0.6292
[390/400]  Loss_D: -0.8297 Loss_G: -3.7195, Wasserstein_dist:1.1463, vae_loss_seen:333.0877 GZSL: seen=0.3868, unseen=0.4444, h=0.4136 ZSL: unseen accuracy=0.6264
[391/400]  Loss_D: -0.7577 Loss_G: -3.6785, Wasserstein_dist:1.0829, vae_loss_seen:327.8418 GZSL: seen=0.3930, unseen=0.4479, h=0.4187 ZSL: unseen accuracy=0.6243
[392/400]  Loss_D: -0.7877 Loss_G: -3.2862, Wasserstein_dist:1.0502, vae_loss_seen:337.1862 GZSL: seen=0.3535, unseen=0.5042, h=0.4156 ZSL: unseen accuracy=0.6271
[393/400]  Loss_D: -0.8410 Loss_G: -3.7467, Wasserstein_dist:1.1258, vae_loss_seen:329.4191 GZSL: seen=0.3550, unseen=0.4896, h=0.4116 ZSL: unseen accuracy=0.6306
[394/400]  Loss_D: -1.0586 Loss_G: -3.8594, Wasserstein_dist:1.3990, vae_loss_seen:343.0296 GZSL: seen=0.4182, unseen=0.4139, h=0.4160 ZSL: unseen accuracy=0.6167
[395/400]  Loss_D: -0.8747 Loss_G: -3.8286, Wasserstein_dist:1.1395, vae_loss_seen:337.3885 GZSL: seen=0.3961, unseen=0.4313, h=0.4129 ZSL: unseen accuracy=0.6222
[396/400]  Loss_D: -0.8976 Loss_G: -3.2757, Wasserstein_dist:1.1675, vae_loss_seen:328.5475 GZSL: seen=0.3915, unseen=0.4479, h=0.4178 ZSL: unseen accuracy=0.6208
[397/400]  Loss_D: -0.8342 Loss_G: -3.1655, Wasserstein_dist:1.0994, vae_loss_seen:341.5355 GZSL: seen=0.3616, unseen=0.4951, h=0.4180 ZSL: unseen accuracy=0.6278
[398/400]  Loss_D: -0.8638 Loss_G: -3.8489, Wasserstein_dist:1.1489, vae_loss_seen:337.4371 GZSL: seen=0.3857, unseen=0.4660, h=0.4220 ZSL: unseen accuracy=0.6285
[399/400]  Loss_D: -0.9536 Loss_G: -3.7165, Wasserstein_dist:1.2772, vae_loss_seen:349.1679 GZSL: seen=0.3597, unseen=0.4979, h=0.4177 ZSL: unseen accuracy=0.6160
Dataset SUN
the best ZSL unseen accuracy is 0.6645833331470689
Dataset SUN
the best GZSL seen accuracy is 0.4065891472868217
the best GZSL unseen accuracy is 0.4479166666666667
the best GZSL H is 0.4262535200619909
